<?xml version="1.0" encoding="UTF-8"?>
<robot generator="Robot 6.1.1 (Python 3.11.1 on win32)" generated="20231123 22:26:52.618" rpa="false" schemaversion="4">
<suite id="s1" name="Suites">
<suite id="s1-s1" name="DDT with XLSX" source="C:\Users\91953\PycharmProjects\PythonSeleniumRobotframework\TestCases\DDT_with_XLSX.robot">
<test id="s1-s1-t1" name="verify Login fail - scenarios" line="18">
<kw name="start testcase1" library="CommonFunctionality" type="SETUP">
<kw name="Open Browser" library="SeleniumLibrary">
<arg>${url1}</arg>
<arg>${browser}</arg>
<doc>Opens a new browser instance to the optional ``url``.</doc>
<msg timestamp="20231123 22:31:24.589" level="INFO">Opening browser 'chrome' to base url 'https://www.saucedemo.com/'.</msg>
<msg timestamp="20231123 22:38:41.402" level="WARN">Keyword 'Capture Page Screenshot' could not be run on failure: Message: timeout: Timed out receiving message from renderer: 10.000
  (Session info: chrome=119.0.6045.160)
Stacktrace:
	GetHandleVerifier [0x00007FF7889882B2+55298]
	(No symbol) [0x00007FF7888F5E02]
	(No symbol) [0x00007FF7887B05AB]
	(No symbol) [0x00007FF78879E997]
	(No symbol) [0x00007FF78879E7A8]
	(No symbol) [0x00007FF78879CF0E]
	(No symbol) [0x00007FF78879D9CE]
	(No symbol) [0x00007FF7887BB90F]
	(No symbol) [0x00007FF788837D70]
	(No symbol) [0x00007FF7888120AA]
	(No symbol) [0x00007FF78882AAA4]
	(No symbol) [0x00007FF788811E83]
	(No symbol) [0x00007FF7887E670A]
	(No symbol) [0x00007FF7887E7964]
	GetHandleVerifier [0x00007FF788D00AAB+3694587]
	GetHandleVerifier [0x00007FF788D5728E+4048862]
	GetHandleVerifier [0x00007FF788D4F173+4015811]
	GetHandleVerifier [0x00007FF788A247D6+695590]
	(No symbol) [0x00007FF788900CE8]
	(No symbol) [0x00007FF7888FCF34]
	(No symbol) [0x00007FF7888FD062]
	(No symbol) [0x00007FF7888ED3A3]
	BaseThreadInitThunk [0x00007FFE43887344+20]
	RtlUserThreadStart [0x00007FFE44E226B1+33]
</msg>
<msg timestamp="20231123 22:39:09.182" level="FAIL">TimeoutException: Message: timeout: Timed out receiving message from renderer: 300.000
  (Session info: chrome=119.0.6045.160)
Stacktrace:
	GetHandleVerifier [0x00007FF7889882B2+55298]
	(No symbol) [0x00007FF7888F5E02]
	(No symbol) [0x00007FF7887B05AB]
	(No symbol) [0x00007FF78879E997]
	(No symbol) [0x00007FF78879E7A8]
	(No symbol) [0x00007FF78879CF0E]
	(No symbol) [0x00007FF78879D9CE]
	(No symbol) [0x00007FF7887AA20F]
	(No symbol) [0x00007FF7887BB551]
	(No symbol) [0x00007FF7887BFC1A]
	(No symbol) [0x00007FF78879E032]
	(No symbol) [0x00007FF7887BB42A]
	(No symbol) [0x00007FF78882A9C8]
	(No symbol) [0x00007FF788811E83]
	(No symbol) [0x00007FF7887E670A]
	(No symbol) [0x00007FF7887E7964]
	GetHandleVerifier [0x00007FF788D00AAB+3694587]
	GetHandleVerifier [0x00007FF788D5728E+4048862]
	GetHandleVerifier [0x00007FF788D4F173+4015811]
	GetHandleVerifier [0x00007FF788A247D6+695590]
	(No symbol) [0x00007FF788900CE8]
	(No symbol) [0x00007FF7888FCF34]
	(No symbol) [0x00007FF7888FD062]
	(No symbol) [0x00007FF7888ED3A3]
	BaseThreadInitThunk [0x00007FFE43887344+20]
	RtlUserThreadStart [0x00007FFE44E226B1+33]
</msg>
<status status="FAIL" starttime="20231123 22:31:24.589" endtime="20231123 22:39:16.625"/>
</kw>
<kw name="Maximize Browser Window" library="SeleniumLibrary">
<doc>Maximizes current browser window.</doc>
<status status="NOT RUN" starttime="20231123 22:39:16.912" endtime="20231123 22:39:16.913"/>
</kw>
<kw name="Sleep" library="BuiltIn">
<arg>2</arg>
<doc>Pauses the test executed for the given time.</doc>
<status status="NOT RUN" starttime="20231123 22:39:16.915" endtime="20231123 22:39:16.916"/>
</kw>
<status status="FAIL" starttime="20231123 22:31:24.589" endtime="20231123 22:39:18.065"/>
</kw>
<kw name="finish testcase" library="CommonFunctionality" type="TEARDOWN">
<kw name="Close Browser" library="SeleniumLibrary">
<doc>Closes the current browser.</doc>
<status status="PASS" starttime="20231123 22:39:18.678" endtime="20231123 22:40:11.689"/>
</kw>
<status status="PASS" starttime="20231123 22:39:18.394" endtime="20231123 22:40:11.690"/>
</kw>
<status status="FAIL" starttime="20231123 22:31:24.589" endtime="20231123 22:40:11.953">Setup failed:
TimeoutException: Message: timeout: Timed out receiving message from renderer: 300.000
  (Session info: chrome=119.0.6045.160)
Stacktrace:
	GetHandleVerifier [0x00007FF7889882B2+55298]
	(No symbol) [0x00007FF7888F5E02]
	(No symbol) [0x00007FF7887B05AB]
	(No symbol) [0x00007FF78879E997]
	(No symbol) [0x00007FF78879E7A8]
	(No symbol) [0x00007FF78879CF0E]
	(No symbol) [0x00007FF78879D9CE]
	(No symbol) [0x00007FF7887AA20F]
	(No symbol) [0x00007FF7887BB551]
	(No symbol) [0x00007FF7887BFC1A]
	(No symbol) [0x00007FF78879E032]
	(No symbol) [0x00007FF7887BB42A]
	(No symbol) [0x00007FF78882A9C8]
	(No symbol) [0x00007FF788811E83]
	(No symbol) [0x00007FF7887E670A]
	(No symbol) [0x00007FF7887E7964]
	GetHandleVerifier [0x00007FF788D00AAB+3694587]
	GetHandleVerifier [0x00007FF788D5728E+4048862]
	GetHandleVerifier [0x00007FF788D4F173+4015811]
	GetHandleVerifier [0x00007FF788A247D6+695590]
	(No symbol) [0x00007FF788900CE8]
	(No symbol) [0x00007FF7888FCF34]
	(No symbol) [0x00007FF7888FD062]
	(No symbol) [0x00007FF7888ED3A3]
	BaseThreadInitThunk [0x00007FFE43887344+20]
	RtlUserThreadStart [0x00007FFE44E226B1+33]
</status>
</test>
<test id="s1-s1-t2" name="verify Login fail - scenarios" line="18">
<kw name="start testcase1" library="CommonFunctionality" type="SETUP">
<kw name="Open Browser" library="SeleniumLibrary">
<arg>${url1}</arg>
<arg>${browser}</arg>
<doc>Opens a new browser instance to the optional ``url``.</doc>
<msg timestamp="20231123 22:40:20.583" level="INFO">Opening browser 'chrome' to base url 'https://www.saucedemo.com/'.</msg>
<status status="PASS" starttime="20231123 22:40:18.193" endtime="20231123 22:41:31.126"/>
</kw>
<kw name="Maximize Browser Window" library="SeleniumLibrary">
<doc>Maximizes current browser window.</doc>
<status status="PASS" starttime="20231123 22:41:31.127" endtime="20231123 22:41:31.690"/>
</kw>
<kw name="Sleep" library="BuiltIn">
<arg>2</arg>
<doc>Pauses the test executed for the given time.</doc>
<msg timestamp="20231123 22:41:34.822" level="INFO">Slept 2 seconds</msg>
<status status="PASS" starttime="20231123 22:41:31.691" endtime="20231123 22:41:34.837"/>
</kw>
<status status="PASS" starttime="20231123 22:40:17.314" endtime="20231123 22:41:34.837"/>
</kw>
<kw name="Verify invalid Login Scenarios">
<arg>secret_sauce</arg>
<arg>Epic sadface: Username is required</arg>
<kw name="Clear Element Text" library="SeleniumLibrary">
<arg>${username_txt}</arg>
<doc>Clears the value of the text-input-element identified by ``locator``.</doc>
<status status="PASS" starttime="20231123 22:41:36.536" endtime="20231123 22:41:40.279"/>
</kw>
<kw name="Input Text" library="SeleniumLibrary">
<arg>${username_txt}</arg>
<arg>${username}</arg>
<doc>Types the given ``text`` into the text field identified by ``locator``.</doc>
<msg timestamp="20231123 22:41:40.504" level="INFO">Typing text '' into text field 'id:user-name'.</msg>
<status status="PASS" starttime="20231123 22:41:40.342" endtime="20231123 22:41:41.020"/>
</kw>
<kw name="Clear Element Text" library="SeleniumLibrary">
<arg>${password_txt}</arg>
<doc>Clears the value of the text-input-element identified by ``locator``.</doc>
<status status="PASS" starttime="20231123 22:41:41.020" endtime="20231123 22:41:41.081"/>
</kw>
<kw name="Input Text" library="SeleniumLibrary">
<arg>${password_txt}</arg>
<arg>${password}</arg>
<doc>Types the given ``text`` into the text field identified by ``locator``.</doc>
<msg timestamp="20231123 22:41:41.082" level="INFO">Typing text 'secret_sauce' into text field 'xpath://input[@id='password']'.</msg>
<status status="PASS" starttime="20231123 22:41:41.081" endtime="20231123 22:41:41.191"/>
</kw>
<kw name="Click Button" library="SeleniumLibrary">
<arg>${login_button}</arg>
<doc>Clicks the button identified by ``locator``.</doc>
<msg timestamp="20231123 22:41:41.193" level="INFO">Clicking button 'id:login-button'.</msg>
<status status="PASS" starttime="20231123 22:41:41.191" endtime="20231123 22:41:43.669"/>
</kw>
<kw name="Sleep" library="BuiltIn">
<arg>2</arg>
<doc>Pauses the test executed for the given time.</doc>
<msg timestamp="20231123 22:41:45.891" level="INFO">Slept 2 seconds</msg>
<status status="PASS" starttime="20231123 22:41:43.888" endtime="20231123 22:41:45.891"/>
</kw>
<kw name="Element Should Contain" library="SeleniumLibrary">
<arg>${text_error}</arg>
<arg>${error_message}</arg>
<doc>Verifies that element ``locator`` contains text ``expected``.</doc>
<msg timestamp="20231123 22:41:46.709" level="INFO">Element 'xpath://h3[@data-test='error']' contains text 'Epic sadface: Username is required'.</msg>
<status status="PASS" starttime="20231123 22:41:46.301" endtime="20231123 22:41:46.709"/>
</kw>
<status status="PASS" starttime="20231123 22:41:35.622" endtime="20231123 22:41:46.709"/>
</kw>
<kw name="finish testcase" library="CommonFunctionality" type="TEARDOWN">
<kw name="Close Browser" library="SeleniumLibrary">
<doc>Closes the current browser.</doc>
<status status="PASS" starttime="20231123 22:41:46.709" endtime="20231123 22:42:02.966"/>
</kw>
<status status="PASS" starttime="20231123 22:41:46.709" endtime="20231123 22:42:02.966"/>
</kw>
<status status="PASS" starttime="20231123 22:40:13.168" endtime="20231123 22:42:02.966"/>
</test>
<test id="s1-s1-t3" name="verify Login fail - scenarios" line="18">
<kw name="start testcase1" library="CommonFunctionality" type="SETUP">
<kw name="Open Browser" library="SeleniumLibrary">
<arg>${url1}</arg>
<arg>${browser}</arg>
<doc>Opens a new browser instance to the optional ``url``.</doc>
<msg timestamp="20231123 22:42:02.971" level="INFO">Opening browser 'chrome' to base url 'https://www.saucedemo.com/'.</msg>
<status status="PASS" starttime="20231123 22:42:02.970" endtime="20231123 22:42:23.019"/>
</kw>
<kw name="Maximize Browser Window" library="SeleniumLibrary">
<doc>Maximizes current browser window.</doc>
<status status="PASS" starttime="20231123 22:42:23.020" endtime="20231123 22:42:23.385"/>
</kw>
<kw name="Sleep" library="BuiltIn">
<arg>2</arg>
<doc>Pauses the test executed for the given time.</doc>
<msg timestamp="20231123 22:42:25.393" level="INFO">Slept 2 seconds</msg>
<status status="PASS" starttime="20231123 22:42:23.389" endtime="20231123 22:42:25.393"/>
</kw>
<status status="PASS" starttime="20231123 22:42:02.970" endtime="20231123 22:42:25.393"/>
</kw>
<kw name="Verify invalid Login Scenarios">
<arg>standard_user</arg>
<arg>Epic sadface: Password is required</arg>
<kw name="Clear Element Text" library="SeleniumLibrary">
<arg>${username_txt}</arg>
<doc>Clears the value of the text-input-element identified by ``locator``.</doc>
<status status="PASS" starttime="20231123 22:42:25.393" endtime="20231123 22:42:25.504"/>
</kw>
<kw name="Input Text" library="SeleniumLibrary">
<arg>${username_txt}</arg>
<arg>${username}</arg>
<doc>Types the given ``text`` into the text field identified by ``locator``.</doc>
<msg timestamp="20231123 22:42:25.504" level="INFO">Typing text 'standard_user' into text field 'id:user-name'.</msg>
<status status="PASS" starttime="20231123 22:42:25.504" endtime="20231123 22:42:25.639"/>
</kw>
<kw name="Clear Element Text" library="SeleniumLibrary">
<arg>${password_txt}</arg>
<doc>Clears the value of the text-input-element identified by ``locator``.</doc>
<status status="PASS" starttime="20231123 22:42:25.639" endtime="20231123 22:42:25.680"/>
</kw>
<kw name="Input Text" library="SeleniumLibrary">
<arg>${password_txt}</arg>
<arg>${password}</arg>
<doc>Types the given ``text`` into the text field identified by ``locator``.</doc>
<msg timestamp="20231123 22:42:25.681" level="INFO">Typing text '' into text field 'xpath://input[@id='password']'.</msg>
<status status="PASS" starttime="20231123 22:42:25.680" endtime="20231123 22:42:25.746"/>
</kw>
<kw name="Click Button" library="SeleniumLibrary">
<arg>${login_button}</arg>
<doc>Clicks the button identified by ``locator``.</doc>
<msg timestamp="20231123 22:42:25.746" level="INFO">Clicking button 'id:login-button'.</msg>
<status status="PASS" starttime="20231123 22:42:25.746" endtime="20231123 22:42:25.821"/>
</kw>
<kw name="Sleep" library="BuiltIn">
<arg>2</arg>
<doc>Pauses the test executed for the given time.</doc>
<msg timestamp="20231123 22:42:27.822" level="INFO">Slept 2 seconds</msg>
<status status="PASS" starttime="20231123 22:42:25.821" endtime="20231123 22:42:27.822"/>
</kw>
<kw name="Element Should Contain" library="SeleniumLibrary">
<arg>${text_error}</arg>
<arg>${error_message}</arg>
<doc>Verifies that element ``locator`` contains text ``expected``.</doc>
<msg timestamp="20231123 22:42:27.912" level="INFO">Element 'xpath://h3[@data-test='error']' contains text 'Epic sadface: Password is required'.</msg>
<status status="PASS" starttime="20231123 22:42:27.822" endtime="20231123 22:42:27.912"/>
</kw>
<status status="PASS" starttime="20231123 22:42:25.393" endtime="20231123 22:42:27.912"/>
</kw>
<kw name="finish testcase" library="CommonFunctionality" type="TEARDOWN">
<kw name="Close Browser" library="SeleniumLibrary">
<doc>Closes the current browser.</doc>
<status status="PASS" starttime="20231123 22:42:27.922" endtime="20231123 22:42:36.431"/>
</kw>
<status status="PASS" starttime="20231123 22:42:27.922" endtime="20231123 22:42:36.431"/>
</kw>
<status status="PASS" starttime="20231123 22:42:02.967" endtime="20231123 22:42:36.431"/>
</test>
<test id="s1-s1-t4" name="verify Login fail - scenarios" line="18">
<kw name="start testcase1" library="CommonFunctionality" type="SETUP">
<kw name="Open Browser" library="SeleniumLibrary">
<arg>${url1}</arg>
<arg>${browser}</arg>
<doc>Opens a new browser instance to the optional ``url``.</doc>
<msg timestamp="20231123 22:42:36.434" level="INFO">Opening browser 'chrome' to base url 'https://www.saucedemo.com/'.</msg>
<status status="PASS" starttime="20231123 22:42:36.434" endtime="20231123 22:42:53.966"/>
</kw>
<kw name="Maximize Browser Window" library="SeleniumLibrary">
<doc>Maximizes current browser window.</doc>
<status status="PASS" starttime="20231123 22:42:53.966" endtime="20231123 22:42:54.100"/>
</kw>
<kw name="Sleep" library="BuiltIn">
<arg>2</arg>
<doc>Pauses the test executed for the given time.</doc>
<msg timestamp="20231123 22:42:56.102" level="INFO">Slept 2 seconds</msg>
<status status="PASS" starttime="20231123 22:42:54.100" endtime="20231123 22:42:56.102"/>
</kw>
<status status="PASS" starttime="20231123 22:42:36.434" endtime="20231123 22:42:56.102"/>
</kw>
<kw name="Verify invalid Login Scenarios">
<arg>standard_user1</arg>
<arg>secret_sauce1</arg>
<arg>Epic sadface: Username and password do not match any user in this service</arg>
<kw name="Clear Element Text" library="SeleniumLibrary">
<arg>${username_txt}</arg>
<doc>Clears the value of the text-input-element identified by ``locator``.</doc>
<status status="PASS" starttime="20231123 22:42:56.103" endtime="20231123 22:42:56.204"/>
</kw>
<kw name="Input Text" library="SeleniumLibrary">
<arg>${username_txt}</arg>
<arg>${username}</arg>
<doc>Types the given ``text`` into the text field identified by ``locator``.</doc>
<msg timestamp="20231123 22:42:56.206" level="INFO">Typing text 'standard_user1' into text field 'id:user-name'.</msg>
<status status="PASS" starttime="20231123 22:42:56.205" endtime="20231123 22:42:56.435"/>
</kw>
<kw name="Clear Element Text" library="SeleniumLibrary">
<arg>${password_txt}</arg>
<doc>Clears the value of the text-input-element identified by ``locator``.</doc>
<status status="PASS" starttime="20231123 22:42:56.435" endtime="20231123 22:42:56.473"/>
</kw>
<kw name="Input Text" library="SeleniumLibrary">
<arg>${password_txt}</arg>
<arg>${password}</arg>
<doc>Types the given ``text`` into the text field identified by ``locator``.</doc>
<msg timestamp="20231123 22:42:56.474" level="INFO">Typing text 'secret_sauce1' into text field 'xpath://input[@id='password']'.</msg>
<status status="PASS" starttime="20231123 22:42:56.473" endtime="20231123 22:42:56.573"/>
</kw>
<kw name="Click Button" library="SeleniumLibrary">
<arg>${login_button}</arg>
<doc>Clicks the button identified by ``locator``.</doc>
<msg timestamp="20231123 22:42:56.574" level="INFO">Clicking button 'id:login-button'.</msg>
<status status="PASS" starttime="20231123 22:42:56.574" endtime="20231123 22:42:56.665"/>
</kw>
<kw name="Sleep" library="BuiltIn">
<arg>2</arg>
<doc>Pauses the test executed for the given time.</doc>
<msg timestamp="20231123 22:42:58.667" level="INFO">Slept 2 seconds</msg>
<status status="PASS" starttime="20231123 22:42:56.666" endtime="20231123 22:42:58.667"/>
</kw>
<kw name="Element Should Contain" library="SeleniumLibrary">
<arg>${text_error}</arg>
<arg>${error_message}</arg>
<doc>Verifies that element ``locator`` contains text ``expected``.</doc>
<msg timestamp="20231123 22:42:58.715" level="INFO">Element 'xpath://h3[@data-test='error']' contains text 'Epic sadface: Username and password do not match any user in this service'.</msg>
<status status="PASS" starttime="20231123 22:42:58.668" endtime="20231123 22:42:58.715"/>
</kw>
<status status="PASS" starttime="20231123 22:42:56.103" endtime="20231123 22:42:58.716"/>
</kw>
<kw name="finish testcase" library="CommonFunctionality" type="TEARDOWN">
<kw name="Close Browser" library="SeleniumLibrary">
<doc>Closes the current browser.</doc>
<status status="PASS" starttime="20231123 22:42:58.716" endtime="20231123 22:43:12.730"/>
</kw>
<status status="PASS" starttime="20231123 22:42:58.716" endtime="20231123 22:43:12.730"/>
</kw>
<status status="PASS" starttime="20231123 22:42:36.434" endtime="20231123 22:43:12.730"/>
</test>
<doc>Basic search functionality</doc>
<status status="FAIL" starttime="20231123 22:26:52.727" endtime="20231123 22:43:12.915"/>
</suite>
<status status="FAIL" starttime="20231123 22:26:52.670" endtime="20231123 22:43:13.063"/>
</suite>
<statistics>
<total>
<stat pass="3" fail="1" skip="0">All Tests</stat>
</total>
<tag>
</tag>
<suite>
<stat pass="3" fail="1" skip="0" id="s1" name="Suites">Suites</stat>
<stat pass="3" fail="1" skip="0" id="s1-s1" name="DDT with XLSX">Suites.DDT with XLSX</stat>
</suite>
</statistics>
<errors>
<msg timestamp="20231123 22:38:41.402" level="WARN">Keyword 'Capture Page Screenshot' could not be run on failure: Message: timeout: Timed out receiving message from renderer: 10.000
  (Session info: chrome=119.0.6045.160)
Stacktrace:
	GetHandleVerifier [0x00007FF7889882B2+55298]
	(No symbol) [0x00007FF7888F5E02]
	(No symbol) [0x00007FF7887B05AB]
	(No symbol) [0x00007FF78879E997]
	(No symbol) [0x00007FF78879E7A8]
	(No symbol) [0x00007FF78879CF0E]
	(No symbol) [0x00007FF78879D9CE]
	(No symbol) [0x00007FF7887BB90F]
	(No symbol) [0x00007FF788837D70]
	(No symbol) [0x00007FF7888120AA]
	(No symbol) [0x00007FF78882AAA4]
	(No symbol) [0x00007FF788811E83]
	(No symbol) [0x00007FF7887E670A]
	(No symbol) [0x00007FF7887E7964]
	GetHandleVerifier [0x00007FF788D00AAB+3694587]
	GetHandleVerifier [0x00007FF788D5728E+4048862]
	GetHandleVerifier [0x00007FF788D4F173+4015811]
	GetHandleVerifier [0x00007FF788A247D6+695590]
	(No symbol) [0x00007FF788900CE8]
	(No symbol) [0x00007FF7888FCF34]
	(No symbol) [0x00007FF7888FD062]
	(No symbol) [0x00007FF7888ED3A3]
	BaseThreadInitThunk [0x00007FFE43887344+20]
	RtlUserThreadStart [0x00007FFE44E226B1+33]
</msg>
<msg timestamp="20231123 22:40:13.168" level="WARN">Multiple tests with name 'verify Login fail - scenarios' executed in suite 'Suites.DDT with XLSX'.</msg>
<msg timestamp="20231123 22:42:02.967" level="WARN">Multiple tests with name 'verify Login fail - scenarios' executed in suite 'Suites.DDT with XLSX'.</msg>
<msg timestamp="20231123 22:42:36.434" level="WARN">Multiple tests with name 'verify Login fail - scenarios' executed in suite 'Suites.DDT with XLSX'.</msg>
</errors>
</robot>
