<?xml version="1.0" encoding="UTF-8"?>
<robot generator="Robot 6.1.1 (Python 3.11.1 on win32)" generated="20231123 22:26:52.971" rpa="false" schemaversion="4">
<suite id="s1" name="Suites">
<suite id="s1-s1" name="Testcase1" source="C:\Users\91953\PycharmProjects\PythonSeleniumRobotframework\TestCases\Testcase1.robot">
<test id="s1-s1-t1" name="LogintoHRM" line="20">
<kw name="Open Browser" library="SeleniumLibrary">
<arg>${url2}</arg>
<arg>${browser}</arg>
<doc>Opens a new browser instance to the optional ``url``.</doc>
<msg timestamp="20231123 22:26:53.334" level="INFO">Opening browser 'chrome' to base url 'https://opensource-demo.orangehrmlive.com/'.</msg>
<msg timestamp="20231123 22:29:13.626" level="INFO">Cannot capture screenshot because no browser is open.</msg>
<msg timestamp="20231123 22:29:13.626" level="FAIL">WebDriverException: Message: chrome not reachable
Stacktrace:
	GetHandleVerifier [0x00007FF7889882B2+55298]
	(No symbol) [0x00007FF7888F5E02]
	(No symbol) [0x00007FF7887B045D]
	(No symbol) [0x00007FF7887A1DD0]
	(No symbol) [0x00007FF7887E31F4]
	(No symbol) [0x00007FF7887DEC6C]
	(No symbol) [0x00007FF7887DB30E]
	(No symbol) [0x00007FF78881A198]
	(No symbol) [0x00007FF788819CB0]
	(No symbol) [0x00007FF788811E83]
	(No symbol) [0x00007FF7887E670A]
	(No symbol) [0x00007FF7887E7964]
	GetHandleVerifier [0x00007FF788D00AAB+3694587]
	GetHandleVerifier [0x00007FF788D5728E+4048862]
	GetHandleVerifier [0x00007FF788D4F173+4015811]
	GetHandleVerifier [0x00007FF788A247D6+695590]
	(No symbol) [0x00007FF788900CE8]
	(No symbol) [0x00007FF7888FCF34]
	(No symbol) [0x00007FF7888FD062]
	(No symbol) [0x00007FF7888ED3A3]
	BaseThreadInitThunk [0x00007FFE43887344+20]
	RtlUserThreadStart [0x00007FFE44E226B1+33]
</msg>
<status status="FAIL" starttime="20231123 22:26:53.334" endtime="20231123 22:29:38.019"/>
</kw>
<kw name="Maximize Browser Window" library="SeleniumLibrary">
<doc>Maximizes current browser window.</doc>
<status status="NOT RUN" starttime="20231123 22:29:38.019" endtime="20231123 22:29:38.019"/>
</kw>
<kw name="Sleep" library="BuiltIn">
<arg>6</arg>
<doc>Pauses the test executed for the given time.</doc>
<status status="NOT RUN" starttime="20231123 22:29:38.019" endtime="20231123 22:29:38.019"/>
</kw>
<kw name="Set Selenium Speed" library="SeleniumLibrary">
<arg>2seconds</arg>
<doc>Sets the delay that is waited after each Selenium command.</doc>
<status status="NOT RUN" starttime="20231123 22:29:38.035" endtime="20231123 22:29:38.035"/>
</kw>
<kw name="Scroll Element Into View" library="SeleniumLibrary">
<arg>xpath://input[@placeholder='Username']</arg>
<doc>Scrolls the element identified by ``locator`` into view.</doc>
<status status="NOT RUN" starttime="20231123 22:29:38.035" endtime="20231123 22:29:38.035"/>
</kw>
<kw name="Set Variable" library="BuiltIn">
<var>${inputtext_usr}</var>
<arg>xpath://input[@placeholder='Username']</arg>
<doc>Returns the given values which can then be assigned to a variables.</doc>
<status status="NOT RUN" starttime="20231123 22:29:38.035" endtime="20231123 22:29:38.035"/>
</kw>
<kw name="Element Should Be Enabled" library="SeleniumLibrary">
<arg>${inputtext_usr}</arg>
<doc>Verifies that element identified by ``locator`` is enabled.</doc>
<status status="NOT RUN" starttime="20231123 22:29:38.035" endtime="20231123 22:29:38.035"/>
</kw>
<kw name="Input Text" library="SeleniumLibrary">
<arg>${inputtext_usr}</arg>
<arg>Admin</arg>
<doc>Types the given ``text`` into the text field identified by ``locator``.</doc>
<status status="NOT RUN" starttime="20231123 22:29:38.035" endtime="20231123 22:29:38.035"/>
</kw>
<kw name="Input Text" library="SeleniumLibrary">
<arg>xpath://input[@placeholder='Password']</arg>
<arg>admin123</arg>
<doc>Types the given ``text`` into the text field identified by ``locator``.</doc>
<status status="NOT RUN" starttime="20231123 22:29:38.035" endtime="20231123 22:29:38.035"/>
</kw>
<kw name="Click Element" library="SeleniumLibrary">
<arg>xpath://button[@type='submit']</arg>
<doc>Click the element identified by ``locator``.</doc>
<status status="NOT RUN" starttime="20231123 22:29:38.035" endtime="20231123 22:29:38.035"/>
</kw>
<kw name="Click Element" library="SeleniumLibrary">
<arg>xpath://span[normalize-space()='My Info']</arg>
<doc>Click the element identified by ``locator``.</doc>
<status status="NOT RUN" starttime="20231123 22:29:38.035" endtime="20231123 22:29:38.035"/>
</kw>
<kw name="Click Element" library="SeleniumLibrary">
<arg>xpath://label[normalize-space()='Female']</arg>
<doc>Click the element identified by ``locator``.</doc>
<status status="NOT RUN" starttime="20231123 22:29:38.050" endtime="20231123 22:29:38.050"/>
</kw>
<kw name="Click Element" library="SeleniumLibrary">
<arg>//div[@role='columnheader']//i[@class='oxd-icon bi-check oxd-checkbox-input-icon']</arg>
<doc>Click the element identified by ``locator``.</doc>
<status status="NOT RUN" starttime="20231123 22:29:38.050" endtime="20231123 22:29:38.050"/>
</kw>
<kw name="Close Browser" library="SeleniumLibrary">
<doc>Closes the current browser.</doc>
<status status="NOT RUN" starttime="20231123 22:29:38.050" endtime="20231123 22:29:38.050"/>
</kw>
<doc>test case for practise</doc>
<status status="FAIL" starttime="20231123 22:26:53.334" endtime="20231123 22:29:38.050">WebDriverException: Message: chrome not reachable
Stacktrace:
	GetHandleVerifier [0x00007FF7889882B2+55298]
	(No symbol) [0x00007FF7888F5E02]
	(No symbol) [0x00007FF7887B045D]
	(No symbol) [0x00007FF7887A1DD0]
	(No symbol) [0x00007FF7887E31F4]
	(No symbol) [0x00007FF7887DEC6C]
	(No symbol) [0x00007FF7887DB30E]
	(No symbol) [0x00007FF78881A198]
	(No symbol) [0x00007FF788819CB0]
	(No symbol) [0x00007FF788811E83]
	(No symbol) [0x00007FF7887E670A]
	(No symbol) [0x00007FF7887E7964]
	GetHandleVerifier [0x00007FF788D00AAB+3694587]
	GetHandleVerifier [0x00007FF788D5728E+4048862]
	GetHandleVerifier [0x00007FF788D4F173+4015811]
	GetHandleVerifier [0x00007FF788A247D6+695590]
	(No symbol) [0x00007FF788900CE8]
	(No symbol) [0x00007FF7888FCF34]
	(No symbol) [0x00007FF7888FD062]
	(No symbol) [0x00007FF7888ED3A3]
	BaseThreadInitThunk [0x00007FFE43887344+20]
	RtlUserThreadStart [0x00007FFE44E226B1+33]
</status>
</test>
<status status="FAIL" starttime="20231123 22:26:53.033" endtime="20231123 22:29:38.055"/>
</suite>
<suite id="s1-s2" name="Testcase 1" source="C:\Users\91953\PycharmProjects\PythonSeleniumRobotframework\TestCases\Testcase_1.robot">
<test id="s1-s2-t1" name="Verify Login Fails with wrong username" line="18">
<kw name="start testcase1" library="CommonFunctionality" type="SETUP">
<kw name="Open Browser" library="SeleniumLibrary">
<arg>${url1}</arg>
<arg>${browser}</arg>
<doc>Opens a new browser instance to the optional ``url``.</doc>
<msg timestamp="20231123 22:29:38.088" level="INFO">Opening browser 'chrome' to base url 'https://www.saucedemo.com/'.</msg>
<msg timestamp="20231123 22:31:18.528" level="INFO">Cannot capture screenshot because no browser is open.</msg>
<msg timestamp="20231123 22:31:18.528" level="FAIL">WebDriverException: Message: chrome not reachable
Stacktrace:
	GetHandleVerifier [0x00007FF7889882B2+55298]
	(No symbol) [0x00007FF7888F5E02]
	(No symbol) [0x00007FF7887B045D]
	(No symbol) [0x00007FF7887A1DD0]
	(No symbol) [0x00007FF7887E31F4]
	(No symbol) [0x00007FF7887DEC6C]
	(No symbol) [0x00007FF7887DB30E]
	(No symbol) [0x00007FF78881A198]
	(No symbol) [0x00007FF788819CB0]
	(No symbol) [0x00007FF788811E83]
	(No symbol) [0x00007FF7887E670A]
	(No symbol) [0x00007FF7887E7964]
	GetHandleVerifier [0x00007FF788D00AAB+3694587]
	GetHandleVerifier [0x00007FF788D5728E+4048862]
	GetHandleVerifier [0x00007FF788D4F173+4015811]
	GetHandleVerifier [0x00007FF788A247D6+695590]
	(No symbol) [0x00007FF788900CE8]
	(No symbol) [0x00007FF7888FCF34]
	(No symbol) [0x00007FF7888FD062]
	(No symbol) [0x00007FF7888ED3A3]
	BaseThreadInitThunk [0x00007FFE43887344+20]
	RtlUserThreadStart [0x00007FFE44E226B1+33]
</msg>
<status status="FAIL" starttime="20231123 22:29:38.088" endtime="20231123 22:31:18.528"/>
</kw>
<kw name="Maximize Browser Window" library="SeleniumLibrary">
<doc>Maximizes current browser window.</doc>
<status status="NOT RUN" starttime="20231123 22:31:18.528" endtime="20231123 22:31:18.528"/>
</kw>
<kw name="Sleep" library="BuiltIn">
<arg>2</arg>
<doc>Pauses the test executed for the given time.</doc>
<status status="NOT RUN" starttime="20231123 22:31:18.528" endtime="20231123 22:31:18.528"/>
</kw>
<status status="FAIL" starttime="20231123 22:29:38.088" endtime="20231123 22:31:18.528"/>
</kw>
<kw name="finish testcase" library="CommonFunctionality" type="TEARDOWN">
<kw name="Close Browser" library="SeleniumLibrary">
<doc>Closes the current browser.</doc>
<status status="PASS" starttime="20231123 22:31:18.528" endtime="20231123 22:31:18.528"/>
</kw>
<status status="PASS" starttime="20231123 22:31:18.528" endtime="20231123 22:31:18.544"/>
</kw>
<status status="FAIL" starttime="20231123 22:29:38.088" endtime="20231123 22:31:18.544">Setup failed:
WebDriverException: Message: chrome not reachable
Stacktrace:
	GetHandleVerifier [0x00007FF7889882B2+55298]
	(No symbol) [0x00007FF7888F5E02]
	(No symbol) [0x00007FF7887B045D]
	(No symbol) [0x00007FF7887A1DD0]
	(No symbol) [0x00007FF7887E31F4]
	(No symbol) [0x00007FF7887DEC6C]
	(No symbol) [0x00007FF7887DB30E]
	(No symbol) [0x00007FF78881A198]
	(No symbol) [0x00007FF788819CB0]
	(No symbol) [0x00007FF788811E83]
	(No symbol) [0x00007FF7887E670A]
	(No symbol) [0x00007FF7887E7964]
	GetHandleVerifier [0x00007FF788D00AAB+3694587]
	GetHandleVerifier [0x00007FF788D5728E+4048862]
	GetHandleVerifier [0x00007FF788D4F173+4015811]
	GetHandleVerifier [0x00007FF788A247D6+695590]
	(No symbol) [0x00007FF788900CE8]
	(No symbol) [0x00007FF7888FCF34]
	(No symbol) [0x00007FF7888FD062]
	(No symbol) [0x00007FF7888ED3A3]
	BaseThreadInitThunk [0x00007FFE43887344+20]
	RtlUserThreadStart [0x00007FFE44E226B1+33]
</status>
</test>
<test id="s1-s2-t2" name="Verify Login Fails with wrong password" line="25">
<kw name="start testcase1" library="CommonFunctionality" type="SETUP">
<kw name="Open Browser" library="SeleniumLibrary">
<arg>${url1}</arg>
<arg>${browser}</arg>
<doc>Opens a new browser instance to the optional ``url``.</doc>
<msg timestamp="20231123 22:31:18.544" level="INFO">Opening browser 'chrome' to base url 'https://www.saucedemo.com/'.</msg>
<status status="PASS" starttime="20231123 22:31:18.544" endtime="20231123 22:32:55.146"/>
</kw>
<kw name="Maximize Browser Window" library="SeleniumLibrary">
<doc>Maximizes current browser window.</doc>
<status status="PASS" starttime="20231123 22:32:55.147" endtime="20231123 22:33:30.265"/>
</kw>
<kw name="Sleep" library="BuiltIn">
<arg>2</arg>
<doc>Pauses the test executed for the given time.</doc>
<msg timestamp="20231123 22:33:32.268" level="INFO">Slept 2 seconds</msg>
<status status="PASS" starttime="20231123 22:33:30.266" endtime="20231123 22:33:32.268"/>
</kw>
<status status="PASS" starttime="20231123 22:31:18.544" endtime="20231123 22:33:32.268"/>
</kw>
<kw name="Input Text" library="SeleniumLibrary">
<arg>${username_txt}</arg>
<arg>standard_user</arg>
<doc>Types the given ``text`` into the text field identified by ``locator``.</doc>
<msg timestamp="20231123 22:33:32.268" level="INFO">Typing text 'standard_user' into text field 'id:user-name'.</msg>
<status status="PASS" starttime="20231123 22:33:32.268" endtime="20231123 22:33:55.239"/>
</kw>
<kw name="Input Text" library="SeleniumLibrary">
<arg>${password_txt}</arg>
<arg>secret_sauce1</arg>
<doc>Types the given ``text`` into the text field identified by ``locator``.</doc>
<msg timestamp="20231123 22:33:55.251" level="INFO">Typing text 'secret_sauce1' into text field 'xpath://input[@id='password']'.</msg>
<status status="PASS" starttime="20231123 22:33:55.239" endtime="20231123 22:33:55.624"/>
</kw>
<kw name="Click Button" library="SeleniumLibrary">
<arg>${login_button}</arg>
<doc>Clicks the button identified by ``locator``.</doc>
<msg timestamp="20231123 22:33:55.630" level="INFO">Clicking button 'id:login-button'.</msg>
<status status="PASS" starttime="20231123 22:33:55.624" endtime="20231123 22:34:11.082"/>
</kw>
<kw name="Sleep" library="BuiltIn">
<arg>2</arg>
<doc>Pauses the test executed for the given time.</doc>
<msg timestamp="20231123 22:34:13.084" level="INFO">Slept 2 seconds</msg>
<status status="PASS" starttime="20231123 22:34:11.083" endtime="20231123 22:34:13.085"/>
</kw>
<kw name="Element Should Contain" library="SeleniumLibrary">
<arg>${text_error}</arg>
<arg>Epic sadface: Username and password do not match any user in this service</arg>
<doc>Verifies that element ``locator`` contains text ``expected``.</doc>
<msg timestamp="20231123 22:34:13.995" level="INFO">Element 'xpath://h3[@data-test='error']' contains text 'Epic sadface: Username and password do not match any user in this service'.</msg>
<status status="PASS" starttime="20231123 22:34:13.087" endtime="20231123 22:34:13.995"/>
</kw>
<kw name="finish testcase" library="CommonFunctionality" type="TEARDOWN">
<kw name="Close Browser" library="SeleniumLibrary">
<doc>Closes the current browser.</doc>
<status status="PASS" starttime="20231123 22:34:13.995" endtime="20231123 22:35:16.336"/>
</kw>
<status status="PASS" starttime="20231123 22:34:13.995" endtime="20231123 22:35:16.336"/>
</kw>
<status status="PASS" starttime="20231123 22:31:18.544" endtime="20231123 22:35:16.337"/>
</test>
<test id="s1-s2-t3" name="Verify Login Fails with wrong username and password" line="33">
<kw name="start testcase1" library="CommonFunctionality" type="SETUP">
<kw name="Open Browser" library="SeleniumLibrary">
<arg>${url1}</arg>
<arg>${browser}</arg>
<doc>Opens a new browser instance to the optional ``url``.</doc>
<msg timestamp="20231123 22:35:16.521" level="INFO">Opening browser 'chrome' to base url 'https://www.saucedemo.com/'.</msg>
<status status="PASS" starttime="20231123 22:35:16.520" endtime="20231123 22:38:04.420"/>
</kw>
<kw name="Maximize Browser Window" library="SeleniumLibrary">
<doc>Maximizes current browser window.</doc>
<status status="PASS" starttime="20231123 22:38:04.420" endtime="20231123 22:38:04.893"/>
</kw>
<kw name="Sleep" library="BuiltIn">
<arg>2</arg>
<doc>Pauses the test executed for the given time.</doc>
<msg timestamp="20231123 22:38:06.945" level="INFO">Slept 2 seconds</msg>
<status status="PASS" starttime="20231123 22:38:04.945" endtime="20231123 22:38:06.945"/>
</kw>
<status status="PASS" starttime="20231123 22:35:16.338" endtime="20231123 22:38:06.945"/>
</kw>
<kw name="Input Text" library="SeleniumLibrary">
<arg>${username_txt}</arg>
<arg>standard_user1</arg>
<doc>Types the given ``text`` into the text field identified by ``locator``.</doc>
<msg timestamp="20231123 22:38:06.945" level="INFO">Typing text 'standard_user1' into text field 'id:user-name'.</msg>
<status status="PASS" starttime="20231123 22:38:06.945" endtime="20231123 22:39:41.794"/>
</kw>
<kw name="Input Text" library="SeleniumLibrary">
<arg>${password_txt}</arg>
<arg>secret_sauce1</arg>
<doc>Types the given ``text`` into the text field identified by ``locator``.</doc>
<msg timestamp="20231123 22:39:41.794" level="INFO">Typing text 'secret_sauce1' into text field 'xpath://input[@id='password']'.</msg>
<status status="PASS" starttime="20231123 22:39:41.794" endtime="20231123 22:39:54.588"/>
</kw>
<kw name="Click Button" library="SeleniumLibrary">
<arg>${login_button}</arg>
<doc>Clicks the button identified by ``locator``.</doc>
<msg timestamp="20231123 22:39:54.589" level="INFO">Clicking button 'id:login-button'.</msg>
<status status="PASS" starttime="20231123 22:39:54.588" endtime="20231123 22:40:13.168"/>
</kw>
<kw name="Sleep" library="BuiltIn">
<arg>2</arg>
<doc>Pauses the test executed for the given time.</doc>
<msg timestamp="20231123 22:40:15.168" level="INFO">Slept 2 seconds</msg>
<status status="PASS" starttime="20231123 22:40:13.168" endtime="20231123 22:40:15.168"/>
</kw>
<kw name="Element Should Contain" library="SeleniumLibrary">
<arg>${text_error}</arg>
<arg>Epic sadface: Username and password do not match any user in this service</arg>
<doc>Verifies that element ``locator`` contains text ``expected``.</doc>
<msg timestamp="20231123 22:40:20.583" level="INFO">Element 'xpath://h3[@data-test='error']' contains text 'Epic sadface: Username and password do not match any user in this service'.</msg>
<status status="PASS" starttime="20231123 22:40:15.168" endtime="20231123 22:40:20.583"/>
</kw>
<kw name="finish testcase" library="CommonFunctionality" type="TEARDOWN">
<kw name="Close Browser" library="SeleniumLibrary">
<doc>Closes the current browser.</doc>
<status status="PASS" starttime="20231123 22:40:20.583" endtime="20231123 22:40:46.731"/>
</kw>
<status status="PASS" starttime="20231123 22:40:20.583" endtime="20231123 22:40:46.731"/>
</kw>
<status status="PASS" starttime="20231123 22:35:16.337" endtime="20231123 22:40:46.731"/>
</test>
<test id="s1-s2-t4" name="Verify Login error message for blank password" line="41">
<kw name="start testcase1" library="CommonFunctionality" type="SETUP">
<kw name="Open Browser" library="SeleniumLibrary">
<arg>${url1}</arg>
<arg>${browser}</arg>
<doc>Opens a new browser instance to the optional ``url``.</doc>
<msg timestamp="20231123 22:40:46.746" level="INFO">Opening browser 'chrome' to base url 'https://www.saucedemo.com/'.</msg>
<status status="PASS" starttime="20231123 22:40:46.746" endtime="20231123 22:41:29.186"/>
</kw>
<kw name="Maximize Browser Window" library="SeleniumLibrary">
<doc>Maximizes current browser window.</doc>
<status status="PASS" starttime="20231123 22:41:29.191" endtime="20231123 22:41:32.795"/>
</kw>
<kw name="Sleep" library="BuiltIn">
<arg>2</arg>
<doc>Pauses the test executed for the given time.</doc>
<msg timestamp="20231123 22:41:34.799" level="INFO">Slept 2 seconds</msg>
<status status="PASS" starttime="20231123 22:41:32.796" endtime="20231123 22:41:34.799"/>
</kw>
<status status="PASS" starttime="20231123 22:40:46.746" endtime="20231123 22:41:34.800"/>
</kw>
<kw name="Input Text" library="SeleniumLibrary">
<arg>${username_txt}</arg>
<arg>standard_user</arg>
<doc>Types the given ``text`` into the text field identified by ``locator``.</doc>
<msg timestamp="20231123 22:41:34.804" level="INFO">Typing text 'standard_user' into text field 'id:user-name'.</msg>
<status status="PASS" starttime="20231123 22:41:34.801" endtime="20231123 22:41:34.975"/>
</kw>
<kw name="Input Text" library="SeleniumLibrary">
<arg>${password_txt}</arg>
<arg>${EMPTY}</arg>
<doc>Types the given ``text`` into the text field identified by ``locator``.</doc>
<msg timestamp="20231123 22:41:40.193" level="INFO">Typing text '' into text field 'xpath://input[@id='password']'.</msg>
<status status="PASS" starttime="20231123 22:41:34.976" endtime="20231123 22:41:40.313"/>
</kw>
<kw name="Click Button" library="SeleniumLibrary">
<arg>${login_button}</arg>
<doc>Clicks the button identified by ``locator``.</doc>
<msg timestamp="20231123 22:41:40.314" level="INFO">Clicking button 'id:login-button'.</msg>
<status status="PASS" starttime="20231123 22:41:40.313" endtime="20231123 22:41:43.668"/>
</kw>
<kw name="Sleep" library="BuiltIn">
<arg>2</arg>
<doc>Pauses the test executed for the given time.</doc>
<msg timestamp="20231123 22:41:45.669" level="INFO">Slept 2 seconds</msg>
<status status="PASS" starttime="20231123 22:41:43.668" endtime="20231123 22:41:45.669"/>
</kw>
<kw name="Element Should Contain" library="SeleniumLibrary">
<arg>${text_error}</arg>
<arg>Epic sadface: Password is required</arg>
<doc>Verifies that element ``locator`` contains text ``expected``.</doc>
<msg timestamp="20231123 22:41:45.758" level="INFO">Element 'xpath://h3[@data-test='error']' contains text 'Epic sadface: Password is required'.</msg>
<status status="PASS" starttime="20231123 22:41:45.670" endtime="20231123 22:41:45.758"/>
</kw>
<kw name="finish testcase" library="CommonFunctionality" type="TEARDOWN">
<kw name="Close Browser" library="SeleniumLibrary">
<doc>Closes the current browser.</doc>
<status status="PASS" starttime="20231123 22:41:45.758" endtime="20231123 22:41:59.788"/>
</kw>
<status status="PASS" starttime="20231123 22:41:45.758" endtime="20231123 22:41:59.788"/>
</kw>
<status status="PASS" starttime="20231123 22:40:46.731" endtime="20231123 22:41:59.788"/>
</test>
<test id="s1-s2-t5" name="Verify Login error message for blank username" line="49">
<kw name="start testcase1" library="CommonFunctionality" type="SETUP">
<kw name="Open Browser" library="SeleniumLibrary">
<arg>${url1}</arg>
<arg>${browser}</arg>
<doc>Opens a new browser instance to the optional ``url``.</doc>
<msg timestamp="20231123 22:41:59.803" level="INFO">Opening browser 'chrome' to base url 'https://www.saucedemo.com/'.</msg>
<status status="PASS" starttime="20231123 22:41:59.788" endtime="20231123 22:42:21.223"/>
</kw>
<kw name="Maximize Browser Window" library="SeleniumLibrary">
<doc>Maximizes current browser window.</doc>
<status status="PASS" starttime="20231123 22:42:21.223" endtime="20231123 22:42:21.363"/>
</kw>
<kw name="Sleep" library="BuiltIn">
<arg>2</arg>
<doc>Pauses the test executed for the given time.</doc>
<msg timestamp="20231123 22:42:23.364" level="INFO">Slept 2 seconds</msg>
<status status="PASS" starttime="20231123 22:42:21.364" endtime="20231123 22:42:23.364"/>
</kw>
<status status="PASS" starttime="20231123 22:41:59.788" endtime="20231123 22:42:23.600"/>
</kw>
<kw name="Input Text" library="SeleniumLibrary">
<arg>${username_txt}</arg>
<arg>${EMPTY}</arg>
<doc>Types the given ``text`` into the text field identified by ``locator``.</doc>
<msg timestamp="20231123 22:42:23.610" level="INFO">Typing text '' into text field 'id:user-name'.</msg>
<status status="PASS" starttime="20231123 22:42:23.600" endtime="20231123 22:42:23.759"/>
</kw>
<kw name="Input Text" library="SeleniumLibrary">
<arg>${password_txt}</arg>
<arg>secret_sauce1</arg>
<doc>Types the given ``text`` into the text field identified by ``locator``.</doc>
<msg timestamp="20231123 22:42:23.835" level="INFO">Typing text 'secret_sauce1' into text field 'xpath://input[@id='password']'.</msg>
<status status="PASS" starttime="20231123 22:42:23.759" endtime="20231123 22:42:23.960"/>
</kw>
<kw name="Click Button" library="SeleniumLibrary">
<arg>${login_button}</arg>
<doc>Clicks the button identified by ``locator``.</doc>
<msg timestamp="20231123 22:42:23.962" level="INFO">Clicking button 'id:login-button'.</msg>
<status status="PASS" starttime="20231123 22:42:23.961" endtime="20231123 22:42:24.047"/>
</kw>
<kw name="Sleep" library="BuiltIn">
<arg>2</arg>
<doc>Pauses the test executed for the given time.</doc>
<msg timestamp="20231123 22:42:26.239" level="INFO">Slept 2 seconds</msg>
<status status="PASS" starttime="20231123 22:42:24.048" endtime="20231123 22:42:26.239"/>
</kw>
<kw name="Element Should Contain" library="SeleniumLibrary">
<arg>${text_error}</arg>
<arg>Epic sadface: Username is required</arg>
<doc>Verifies that element ``locator`` contains text ``expected``.</doc>
<msg timestamp="20231123 22:42:26.458" level="INFO">Element 'xpath://h3[@data-test='error']' contains text 'Epic sadface: Username is required'.</msg>
<status status="PASS" starttime="20231123 22:42:26.409" endtime="20231123 22:42:26.458"/>
</kw>
<kw name="finish testcase" library="CommonFunctionality" type="TEARDOWN">
<kw name="Close Browser" library="SeleniumLibrary">
<doc>Closes the current browser.</doc>
<status status="PASS" starttime="20231123 22:42:26.459" endtime="20231123 22:42:36.279"/>
</kw>
<status status="PASS" starttime="20231123 22:42:26.458" endtime="20231123 22:42:36.279"/>
</kw>
<status status="PASS" starttime="20231123 22:41:59.788" endtime="20231123 22:42:36.279"/>
</test>
<test id="s1-s2-t6" name="Verify Login with valid username and password" line="58">
<kw name="start testcase1" library="CommonFunctionality" type="SETUP">
<kw name="Open Browser" library="SeleniumLibrary">
<arg>${url1}</arg>
<arg>${browser}</arg>
<doc>Opens a new browser instance to the optional ``url``.</doc>
<msg timestamp="20231123 22:42:36.496" level="INFO">Opening browser 'chrome' to base url 'https://www.saucedemo.com/'.</msg>
<status status="PASS" starttime="20231123 22:42:36.396" endtime="20231123 22:42:51.654"/>
</kw>
<kw name="Maximize Browser Window" library="SeleniumLibrary">
<doc>Maximizes current browser window.</doc>
<status status="PASS" starttime="20231123 22:42:51.654" endtime="20231123 22:42:51.780"/>
</kw>
<kw name="Sleep" library="BuiltIn">
<arg>2</arg>
<doc>Pauses the test executed for the given time.</doc>
<msg timestamp="20231123 22:42:53.781" level="INFO">Slept 2 seconds</msg>
<status status="PASS" starttime="20231123 22:42:51.780" endtime="20231123 22:42:53.781"/>
</kw>
<status status="PASS" starttime="20231123 22:42:36.333" endtime="20231123 22:42:53.782"/>
</kw>
<kw name="Input Text" library="SeleniumLibrary">
<arg>${username_txt}</arg>
<arg>standard_user</arg>
<doc>Types the given ``text`` into the text field identified by ``locator``.</doc>
<msg timestamp="20231123 22:42:53.784" level="INFO">Typing text 'standard_user' into text field 'id:user-name'.</msg>
<status status="PASS" starttime="20231123 22:42:53.782" endtime="20231123 22:42:54.069"/>
</kw>
<kw name="Input Text" library="SeleniumLibrary">
<arg>${password_txt}</arg>
<arg>secret_sauce</arg>
<doc>Types the given ``text`` into the text field identified by ``locator``.</doc>
<msg timestamp="20231123 22:42:54.070" level="INFO">Typing text 'secret_sauce' into text field 'xpath://input[@id='password']'.</msg>
<status status="PASS" starttime="20231123 22:42:54.069" endtime="20231123 22:42:54.210"/>
</kw>
<kw name="Click Button" library="SeleniumLibrary">
<arg>${login_button}</arg>
<doc>Clicks the button identified by ``locator``.</doc>
<msg timestamp="20231123 22:42:54.457" level="INFO">Clicking button 'id:login-button'.</msg>
<status status="PASS" starttime="20231123 22:42:54.210" endtime="20231123 22:42:59.003"/>
</kw>
<kw name="Sleep" library="BuiltIn">
<arg>2</arg>
<doc>Pauses the test executed for the given time.</doc>
<msg timestamp="20231123 22:43:01.005" level="INFO">Slept 2 seconds</msg>
<status status="PASS" starttime="20231123 22:42:59.003" endtime="20231123 22:43:01.005"/>
</kw>
<kw name="Element Should Contain" library="SeleniumLibrary">
<arg>${text_error}</arg>
<arg>Epic sadface: Username and password do not match any user in this service</arg>
<doc>Verifies that element ``locator`` contains text ``expected``.</doc>
<msg timestamp="20231123 22:43:03.962" level="INFO" html="true">&lt;/td&gt;&lt;/tr&gt;&lt;tr&gt;&lt;td colspan="3"&gt;&lt;a href="selenium-screenshot-1.png"&gt;&lt;img src="selenium-screenshot-1.png" width="800px"&gt;&lt;/a&gt;</msg>
<msg timestamp="20231123 22:43:04.180" level="FAIL">Element with locator 'xpath://h3[@data-test='error']' not found.</msg>
<status status="FAIL" starttime="20231123 22:43:01.005" endtime="20231123 22:43:06.972"/>
</kw>
<kw name="Page Should Contain" library="SeleniumLibrary">
<arg>Sauce Labs Backpack</arg>
<doc>Verifies that current page contains ``text``.</doc>
<status status="NOT RUN" starttime="20231123 22:43:06.972" endtime="20231123 22:43:06.972"/>
</kw>
<kw name="finish testcase" library="CommonFunctionality" type="TEARDOWN">
<kw name="Close Browser" library="SeleniumLibrary">
<doc>Closes the current browser.</doc>
<status status="PASS" starttime="20231123 22:43:06.983" endtime="20231123 22:43:26.386"/>
</kw>
<status status="PASS" starttime="20231123 22:43:06.983" endtime="20231123 22:43:26.386"/>
</kw>
<status status="FAIL" starttime="20231123 22:42:36.333" endtime="20231123 22:43:26.386">Element with locator 'xpath://h3[@data-test='error']' not found.</status>
</test>
<doc>Basic search functionality</doc>
<status status="FAIL" starttime="20231123 22:29:38.057" endtime="20231123 22:43:26.455"/>
</suite>
<status status="FAIL" starttime="20231123 22:26:53.002" endtime="20231123 22:43:26.455"/>
</suite>
<statistics>
<total>
<stat pass="4" fail="3" skip="0">All Tests</stat>
</total>
<tag>
</tag>
<suite>
<stat pass="4" fail="3" skip="0" id="s1" name="Suites">Suites</stat>
<stat pass="0" fail="1" skip="0" id="s1-s1" name="Testcase1">Suites.Testcase1</stat>
<stat pass="4" fail="2" skip="0" id="s1-s2" name="Testcase 1">Suites.Testcase 1</stat>
</suite>
</statistics>
<errors>
</errors>
</robot>
