<?xml version="1.0" encoding="UTF-8"?>
<robot generator="Robot 6.1.1 (Python 3.11.1 on win32)" generated="20231123 22:26:52.618" rpa="false" schemaversion="4">
<suite id="s1" name="Suites">
<suite id="s1-s1" name="DDT with CSV" source="C:\Users\91953\PycharmProjects\PythonSeleniumRobotframework\TestCases\DDT_with_CSV.robot">
<test id="s1-s1-t1" name="verify Login fails - scenarios" line="18">
<kw name="start testcase1" library="CommonFunctionality" type="SETUP">
<kw name="Open Browser" library="SeleniumLibrary">
<arg>${url1}</arg>
<arg>${browser}</arg>
<doc>Opens a new browser instance to the optional ``url``.</doc>
<msg timestamp="20231123 22:26:55.601" level="INFO">Opening browser 'chrome' to base url 'https://www.saucedemo.com/'.</msg>
<msg timestamp="20231123 22:29:13.632" level="INFO">Cannot capture screenshot because no browser is open.</msg>
<msg timestamp="20231123 22:29:13.632" level="FAIL">WebDriverException: Message: chrome not reachable
Stacktrace:
	GetHandleVerifier [0x00007FF7889882B2+55298]
	(No symbol) [0x00007FF7888F5E02]
	(No symbol) [0x00007FF7887B045D]
	(No symbol) [0x00007FF7887A1DD0]
	(No symbol) [0x00007FF7887E31F4]
	(No symbol) [0x00007FF7887DEC6C]
	(No symbol) [0x00007FF7887DB30E]
	(No symbol) [0x00007FF78881A198]
	(No symbol) [0x00007FF788819CB0]
	(No symbol) [0x00007FF788811E83]
	(No symbol) [0x00007FF7887E670A]
	(No symbol) [0x00007FF7887E7964]
	GetHandleVerifier [0x00007FF788D00AAB+3694587]
	GetHandleVerifier [0x00007FF788D5728E+4048862]
	GetHandleVerifier [0x00007FF788D4F173+4015811]
	GetHandleVerifier [0x00007FF788A247D6+695590]
	(No symbol) [0x00007FF788900CE8]
	(No symbol) [0x00007FF7888FCF34]
	(No symbol) [0x00007FF7888FD062]
	(No symbol) [0x00007FF7888ED3A3]
	BaseThreadInitThunk [0x00007FFE43887344+20]
	RtlUserThreadStart [0x00007FFE44E226B1+33]
</msg>
<status status="FAIL" starttime="20231123 22:26:55.585" endtime="20231123 22:29:38.004"/>
</kw>
<kw name="Maximize Browser Window" library="SeleniumLibrary">
<doc>Maximizes current browser window.</doc>
<status status="NOT RUN" starttime="20231123 22:29:38.004" endtime="20231123 22:29:38.019"/>
</kw>
<kw name="Sleep" library="BuiltIn">
<arg>2</arg>
<doc>Pauses the test executed for the given time.</doc>
<status status="NOT RUN" starttime="20231123 22:29:38.019" endtime="20231123 22:29:38.019"/>
</kw>
<status status="FAIL" starttime="20231123 22:26:55.585" endtime="20231123 22:29:38.019"/>
</kw>
<kw name="finish testcase" library="CommonFunctionality" type="TEARDOWN">
<kw name="Close Browser" library="SeleniumLibrary">
<doc>Closes the current browser.</doc>
<status status="PASS" starttime="20231123 22:29:38.019" endtime="20231123 22:29:42.327"/>
</kw>
<status status="PASS" starttime="20231123 22:29:38.019" endtime="20231123 22:29:42.327"/>
</kw>
<status status="FAIL" starttime="20231123 22:26:55.585" endtime="20231123 22:29:42.327">Setup failed:
WebDriverException: Message: chrome not reachable
Stacktrace:
	GetHandleVerifier [0x00007FF7889882B2+55298]
	(No symbol) [0x00007FF7888F5E02]
	(No symbol) [0x00007FF7887B045D]
	(No symbol) [0x00007FF7887A1DD0]
	(No symbol) [0x00007FF7887E31F4]
	(No symbol) [0x00007FF7887DEC6C]
	(No symbol) [0x00007FF7887DB30E]
	(No symbol) [0x00007FF78881A198]
	(No symbol) [0x00007FF788819CB0]
	(No symbol) [0x00007FF788811E83]
	(No symbol) [0x00007FF7887E670A]
	(No symbol) [0x00007FF7887E7964]
	GetHandleVerifier [0x00007FF788D00AAB+3694587]
	GetHandleVerifier [0x00007FF788D5728E+4048862]
	GetHandleVerifier [0x00007FF788D4F173+4015811]
	GetHandleVerifier [0x00007FF788A247D6+695590]
	(No symbol) [0x00007FF788900CE8]
	(No symbol) [0x00007FF7888FCF34]
	(No symbol) [0x00007FF7888FD062]
	(No symbol) [0x00007FF7888ED3A3]
	BaseThreadInitThunk [0x00007FFE43887344+20]
	RtlUserThreadStart [0x00007FFE44E226B1+33]
</status>
</test>
<test id="s1-s1-t2" name="verify Login fails - scenarios" line="18">
<kw name="start testcase1" library="CommonFunctionality" type="SETUP">
<kw name="Open Browser" library="SeleniumLibrary">
<arg>${url1}</arg>
<arg>${browser}</arg>
<doc>Opens a new browser instance to the optional ``url``.</doc>
<msg timestamp="20231123 22:29:42.396" level="INFO">Opening browser 'chrome' to base url 'https://www.saucedemo.com/'.</msg>
<msg timestamp="20231123 22:31:18.528" level="INFO">Cannot capture screenshot because no browser is open.</msg>
<msg timestamp="20231123 22:31:18.528" level="FAIL">WebDriverException: Message: chrome not reachable
Stacktrace:
	GetHandleVerifier [0x00007FF7889882B2+55298]
	(No symbol) [0x00007FF7888F5E02]
	(No symbol) [0x00007FF7887B045D]
	(No symbol) [0x00007FF7887A1DD0]
	(No symbol) [0x00007FF7887E31F4]
	(No symbol) [0x00007FF7887DEC6C]
	(No symbol) [0x00007FF7887DB30E]
	(No symbol) [0x00007FF78881A198]
	(No symbol) [0x00007FF788819CB0]
	(No symbol) [0x00007FF788811E83]
	(No symbol) [0x00007FF7887E670A]
	(No symbol) [0x00007FF7887E7964]
	GetHandleVerifier [0x00007FF788D00AAB+3694587]
	GetHandleVerifier [0x00007FF788D5728E+4048862]
	GetHandleVerifier [0x00007FF788D4F173+4015811]
	GetHandleVerifier [0x00007FF788A247D6+695590]
	(No symbol) [0x00007FF788900CE8]
	(No symbol) [0x00007FF7888FCF34]
	(No symbol) [0x00007FF7888FD062]
	(No symbol) [0x00007FF7888ED3A3]
	BaseThreadInitThunk [0x00007FFE43887344+20]
	RtlUserThreadStart [0x00007FFE44E226B1+33]
</msg>
<status status="FAIL" starttime="20231123 22:29:42.396" endtime="20231123 22:31:18.528"/>
</kw>
<kw name="Maximize Browser Window" library="SeleniumLibrary">
<doc>Maximizes current browser window.</doc>
<status status="NOT RUN" starttime="20231123 22:31:18.528" endtime="20231123 22:31:18.528"/>
</kw>
<kw name="Sleep" library="BuiltIn">
<arg>2</arg>
<doc>Pauses the test executed for the given time.</doc>
<status status="NOT RUN" starttime="20231123 22:31:18.528" endtime="20231123 22:31:18.528"/>
</kw>
<status status="FAIL" starttime="20231123 22:29:42.396" endtime="20231123 22:31:18.528"/>
</kw>
<kw name="finish testcase" library="CommonFunctionality" type="TEARDOWN">
<kw name="Close Browser" library="SeleniumLibrary">
<doc>Closes the current browser.</doc>
<status status="PASS" starttime="20231123 22:31:18.544" endtime="20231123 22:31:18.544"/>
</kw>
<status status="PASS" starttime="20231123 22:31:18.528" endtime="20231123 22:31:18.544"/>
</kw>
<status status="FAIL" starttime="20231123 22:29:42.396" endtime="20231123 22:31:18.544">Setup failed:
WebDriverException: Message: chrome not reachable
Stacktrace:
	GetHandleVerifier [0x00007FF7889882B2+55298]
	(No symbol) [0x00007FF7888F5E02]
	(No symbol) [0x00007FF7887B045D]
	(No symbol) [0x00007FF7887A1DD0]
	(No symbol) [0x00007FF7887E31F4]
	(No symbol) [0x00007FF7887DEC6C]
	(No symbol) [0x00007FF7887DB30E]
	(No symbol) [0x00007FF78881A198]
	(No symbol) [0x00007FF788819CB0]
	(No symbol) [0x00007FF788811E83]
	(No symbol) [0x00007FF7887E670A]
	(No symbol) [0x00007FF7887E7964]
	GetHandleVerifier [0x00007FF788D00AAB+3694587]
	GetHandleVerifier [0x00007FF788D5728E+4048862]
	GetHandleVerifier [0x00007FF788D4F173+4015811]
	GetHandleVerifier [0x00007FF788A247D6+695590]
	(No symbol) [0x00007FF788900CE8]
	(No symbol) [0x00007FF7888FCF34]
	(No symbol) [0x00007FF7888FD062]
	(No symbol) [0x00007FF7888ED3A3]
	BaseThreadInitThunk [0x00007FFE43887344+20]
	RtlUserThreadStart [0x00007FFE44E226B1+33]
</status>
</test>
<test id="s1-s1-t3" name="verify Login fails - scenarios" line="18">
<kw name="start testcase1" library="CommonFunctionality" type="SETUP">
<kw name="Open Browser" library="SeleniumLibrary">
<arg>${url1}</arg>
<arg>${browser}</arg>
<doc>Opens a new browser instance to the optional ``url``.</doc>
<msg timestamp="20231123 22:31:18.553" level="INFO">Opening browser 'chrome' to base url 'https://www.saucedemo.com/'.</msg>
<status status="PASS" starttime="20231123 22:31:18.553" endtime="20231123 22:33:30.265"/>
</kw>
<kw name="Maximize Browser Window" library="SeleniumLibrary">
<doc>Maximizes current browser window.</doc>
<status status="PASS" starttime="20231123 22:33:30.266" endtime="20231123 22:33:30.855"/>
</kw>
<kw name="Sleep" library="BuiltIn">
<arg>2</arg>
<doc>Pauses the test executed for the given time.</doc>
<msg timestamp="20231123 22:33:32.879" level="INFO">Slept 2 seconds</msg>
<status status="PASS" starttime="20231123 22:33:30.856" endtime="20231123 22:33:32.879"/>
</kw>
<status status="PASS" starttime="20231123 22:31:18.553" endtime="20231123 22:33:32.879"/>
</kw>
<kw name="Verify invalid Login Scenarios">
<arg>standard_user</arg>
<arg>Epic sadface: Password is required</arg>
<kw name="Clear Element Text" library="SeleniumLibrary">
<arg>${username_txt}</arg>
<doc>Clears the value of the text-input-element identified by ``locator``.</doc>
<status status="PASS" starttime="20231123 22:33:32.882" endtime="20231123 22:33:35.847"/>
</kw>
<kw name="Input Text" library="SeleniumLibrary">
<arg>${username_txt}</arg>
<arg>${username}</arg>
<doc>Types the given ``text`` into the text field identified by ``locator``.</doc>
<msg timestamp="20231123 22:33:35.853" level="INFO">Typing text 'standard_user' into text field 'id:user-name'.</msg>
<status status="PASS" starttime="20231123 22:33:35.848" endtime="20231123 22:33:55.239"/>
</kw>
<kw name="Clear Element Text" library="SeleniumLibrary">
<arg>${password_txt}</arg>
<doc>Clears the value of the text-input-element identified by ``locator``.</doc>
<status status="PASS" starttime="20231123 22:33:55.239" endtime="20231123 22:33:55.524"/>
</kw>
<kw name="Input Text" library="SeleniumLibrary">
<arg>${password_txt}</arg>
<arg>${password}</arg>
<doc>Types the given ``text`` into the text field identified by ``locator``.</doc>
<msg timestamp="20231123 22:33:55.526" level="INFO">Typing text '' into text field 'xpath://input[@id='password']'.</msg>
<status status="PASS" starttime="20231123 22:33:55.524" endtime="20231123 22:33:55.921"/>
</kw>
<kw name="Click Button" library="SeleniumLibrary">
<arg>${login_button}</arg>
<doc>Clicks the button identified by ``locator``.</doc>
<msg timestamp="20231123 22:33:55.921" level="INFO">Clicking button 'id:login-button'.</msg>
<status status="PASS" starttime="20231123 22:33:55.921" endtime="20231123 22:34:14.997"/>
</kw>
<kw name="Sleep" library="BuiltIn">
<arg>2</arg>
<doc>Pauses the test executed for the given time.</doc>
<msg timestamp="20231123 22:34:17.000" level="INFO">Slept 2 seconds</msg>
<status status="PASS" starttime="20231123 22:34:14.999" endtime="20231123 22:34:17.000"/>
</kw>
<kw name="Element Should Contain" library="SeleniumLibrary">
<arg>${text_error}</arg>
<arg>${error_message}</arg>
<doc>Verifies that element ``locator`` contains text ``expected``.</doc>
<msg timestamp="20231123 22:34:17.090" level="INFO">Element 'xpath://h3[@data-test='error']' contains text 'Epic sadface: Password is required'.</msg>
<status status="PASS" starttime="20231123 22:34:17.053" endtime="20231123 22:34:17.090"/>
</kw>
<status status="PASS" starttime="20231123 22:33:32.879" endtime="20231123 22:34:17.090"/>
</kw>
<kw name="finish testcase" library="CommonFunctionality" type="TEARDOWN">
<kw name="Close Browser" library="SeleniumLibrary">
<doc>Closes the current browser.</doc>
<status status="PASS" starttime="20231123 22:34:17.091" endtime="20231123 22:34:54.025"/>
</kw>
<status status="PASS" starttime="20231123 22:34:17.091" endtime="20231123 22:34:54.025"/>
</kw>
<status status="PASS" starttime="20231123 22:31:18.544" endtime="20231123 22:34:54.025"/>
</test>
<test id="s1-s1-t4" name="verify Login fails - scenarios" line="18">
<kw name="start testcase1" library="CommonFunctionality" type="SETUP">
<kw name="Open Browser" library="SeleniumLibrary">
<arg>${url1}</arg>
<arg>${browser}</arg>
<doc>Opens a new browser instance to the optional ``url``.</doc>
<msg timestamp="20231123 22:34:54.040" level="INFO">Opening browser 'chrome' to base url 'https://www.saucedemo.com/'.</msg>
<status status="PASS" starttime="20231123 22:34:54.038" endtime="20231123 22:38:04.420"/>
</kw>
<kw name="Maximize Browser Window" library="SeleniumLibrary">
<doc>Maximizes current browser window.</doc>
<status status="PASS" starttime="20231123 22:38:04.420" endtime="20231123 22:38:04.893"/>
</kw>
<kw name="Sleep" library="BuiltIn">
<arg>2</arg>
<doc>Pauses the test executed for the given time.</doc>
<msg timestamp="20231123 22:38:06.894" level="INFO">Slept 2 seconds</msg>
<status status="PASS" starttime="20231123 22:38:04.893" endtime="20231123 22:38:06.977"/>
</kw>
<status status="PASS" starttime="20231123 22:34:54.036" endtime="20231123 22:38:06.977"/>
</kw>
<kw name="Verify invalid Login Scenarios">
<arg>standard_user1</arg>
<arg>secret_sauce1</arg>
<arg>Epic sadface: Username and password do not match any user in this service</arg>
<kw name="Clear Element Text" library="SeleniumLibrary">
<arg>${username_txt}</arg>
<doc>Clears the value of the text-input-element identified by ``locator``.</doc>
<status status="PASS" starttime="20231123 22:38:06.992" endtime="20231123 22:38:50.706"/>
</kw>
<kw name="Input Text" library="SeleniumLibrary">
<arg>${username_txt}</arg>
<arg>${username}</arg>
<doc>Types the given ``text`` into the text field identified by ``locator``.</doc>
<msg timestamp="20231123 22:38:51.014" level="INFO">Typing text 'standard_user1' into text field 'id:user-name'.</msg>
<status status="PASS" starttime="20231123 22:38:51.014" endtime="20231123 22:39:41.764"/>
</kw>
<kw name="Clear Element Text" library="SeleniumLibrary">
<arg>${password_txt}</arg>
<doc>Clears the value of the text-input-element identified by ``locator``.</doc>
<status status="PASS" starttime="20231123 22:39:41.764" endtime="20231123 22:39:54.115"/>
</kw>
<kw name="Input Text" library="SeleniumLibrary">
<arg>${password_txt}</arg>
<arg>${password}</arg>
<doc>Types the given ``text`` into the text field identified by ``locator``.</doc>
<msg timestamp="20231123 22:39:54.117" level="INFO">Typing text 'secret_sauce1' into text field 'xpath://input[@id='password']'.</msg>
<status status="PASS" starttime="20231123 22:39:54.115" endtime="20231123 22:39:54.588"/>
</kw>
<kw name="Click Button" library="SeleniumLibrary">
<arg>${login_button}</arg>
<doc>Clicks the button identified by ``locator``.</doc>
<msg timestamp="20231123 22:39:54.589" level="INFO">Clicking button 'id:login-button'.</msg>
<status status="PASS" starttime="20231123 22:39:54.588" endtime="20231123 22:40:11.695"/>
</kw>
<kw name="Sleep" library="BuiltIn">
<arg>2</arg>
<doc>Pauses the test executed for the given time.</doc>
<msg timestamp="20231123 22:40:14.023" level="INFO">Slept 2 seconds</msg>
<status status="PASS" starttime="20231123 22:40:11.695" endtime="20231123 22:40:14.023"/>
</kw>
<kw name="Element Should Contain" library="SeleniumLibrary">
<arg>${text_error}</arg>
<arg>${error_message}</arg>
<doc>Verifies that element ``locator`` contains text ``expected``.</doc>
<msg timestamp="20231123 22:40:20.583" level="INFO">Element 'xpath://h3[@data-test='error']' contains text 'Epic sadface: Username and password do not match any user in this service'.</msg>
<status status="PASS" starttime="20231123 22:40:14.023" endtime="20231123 22:40:20.583"/>
</kw>
<status status="PASS" starttime="20231123 22:38:06.992" endtime="20231123 22:40:20.583"/>
</kw>
<kw name="finish testcase" library="CommonFunctionality" type="TEARDOWN">
<kw name="Close Browser" library="SeleniumLibrary">
<doc>Closes the current browser.</doc>
<status status="PASS" starttime="20231123 22:40:20.583" endtime="20231123 22:40:35.666"/>
</kw>
<status status="PASS" starttime="20231123 22:40:20.583" endtime="20231123 22:40:36.053"/>
</kw>
<status status="PASS" starttime="20231123 22:34:54.025" endtime="20231123 22:40:36.053"/>
</test>
<doc>Basic search functionality</doc>
<status status="FAIL" starttime="20231123 22:26:52.727" endtime="20231123 22:40:37.213"/>
</suite>
<status status="FAIL" starttime="20231123 22:26:52.670" endtime="20231123 22:40:37.661"/>
</suite>
<statistics>
<total>
<stat pass="2" fail="2" skip="0">All Tests</stat>
</total>
<tag>
</tag>
<suite>
<stat pass="2" fail="2" skip="0" id="s1" name="Suites">Suites</stat>
<stat pass="2" fail="2" skip="0" id="s1-s1" name="DDT with CSV">Suites.DDT with CSV</stat>
</suite>
</statistics>
<errors>
<msg timestamp="20231123 22:29:42.396" level="WARN">Multiple tests with name 'verify Login fails - scenarios' executed in suite 'Suites.DDT with CSV'.</msg>
<msg timestamp="20231123 22:31:18.544" level="WARN">Multiple tests with name 'verify Login fails - scenarios' executed in suite 'Suites.DDT with CSV'.</msg>
<msg timestamp="20231123 22:34:54.025" level="WARN">Multiple tests with name 'verify Login fails - scenarios' executed in suite 'Suites.DDT with CSV'.</msg>
</errors>
</robot>
