==============================================================================
Suites                                                                        
==============================================================================
Suites.DDT with CSV :: Basic search functionality                             
==============================================================================
verify Login fails - scenarios                                          
  Traceback (most recent call last):
    ~~~~~~~~~~~~~~~~~~~~~~~~~~~~~~~~~~~~~~~~~~~~~~~~~~~~~~~~~~~~~~~~~~~~~~~~~~
    File  C:\Users\91953\PycharmProjects\PythonSeleniumRobotframework\TestCases\DDT_with_CSV.robot:18
    T:  verify Login fails - scenarios    
    ~~~~~~~~~~~~~~~~~~~~~~~~~~~~~~~~~~~~~~~~~~~~~~~~~~~~~~~~~~~~~~~~~~~~~~~~~~
    File  C:\Users\91953\PycharmProjects\PythonSeleniumRobotframework\TestCases\DDT_with_CSV.robot:6
      start testcase1    
    ~~~~~~~~~~~~~~~~~~~~~~~~~~~~~~~~~~~~~~~~~~~~~~~~~~~~~~~~~~~~~~~~~~~~~~~~~~
    File  C:\Users\91953\PycharmProjects\PythonSeleniumRobotframework\Resources\CommonFunctionality.robot:19
      Open Browser    ${url1}    ${browser}
      |  ${url1} = https://www.saucedemo.com/ (str)
      |  ${browser} = chrome (str)
______________________________________________________________________________
| FAIL |
Setup failed:
WebDriverException: Message: chrome not reachable
Stacktrace:
	GetHandleVerifier [0x00007FF7889882B2+55298]
	(No symbol) [0x00007FF7888F5E02]
	(No symbol) [0x00007FF7887B045D]
	(No symbol) [0x00007FF7887A1DD0]
	(No symbol) [0x00007FF7887E31F4]
	(No symbol) [0x00007FF7887DEC6C]
	(No symbol) [0x00007FF7887DB30E]
	(No symbol) [0x00007FF78881A198]
	(No symbol) [0x00007FF788819CB0]
	(No symbol) [0x00007FF788811E83]
	(No symbol) [0x00007FF7887E670A]
	(No symbol) [0x00007FF7887E7964]
	GetHandleVerifier [0x00007FF788D00AAB+3694587]
	GetHandleVerifier [0x00007FF788D5728E+4048862]
	GetHandleVerifier [0x00007FF788D4F173+4015811]
	GetHandleVerifier [0x00007FF788A247D6+695590]
	(No symbol) [0x00007FF788900CE8]
	(No symbol) [0x00007FF7888FCF34]
	(No symbol) [0x00007FF7888FD062]
	(No symbol) [0x00007FF7888ED3A3]
	BaseThreadInitThunk [0x00007FFE43887344+20]
	RtlUserThreadStart [0x00007FFE44E226B1+33]
------------------------------------------------------------------------------
verify Login fails - scenarios                                          
  Traceback (most recent call last):
    ~~~~~~~~~~~~~~~~~~~~~~~~~~~~~~~~~~~~~~~~~~~~~~~~~~~~~~~~~~~~~~~~~~~~~~~~~~
    File  C:\Users\91953\PycharmProjects\PythonSeleniumRobotframework\TestCases\DDT_with_CSV.robot:18
    T:  verify Login fails - scenarios    
    ~~~~~~~~~~~~~~~~~~~~~~~~~~~~~~~~~~~~~~~~~~~~~~~~~~~~~~~~~~~~~~~~~~~~~~~~~~
    File  C:\Users\91953\PycharmProjects\PythonSeleniumRobotframework\TestCases\DDT_with_CSV.robot:6
      start testcase1    
    ~~~~~~~~~~~~~~~~~~~~~~~~~~~~~~~~~~~~~~~~~~~~~~~~~~~~~~~~~~~~~~~~~~~~~~~~~~
    File  C:\Users\91953\PycharmProjects\PythonSeleniumRobotframework\Resources\CommonFunctionality.robot:19
      Open Browser    ${url1}    ${browser}
      |  ${url1} = https://www.saucedemo.com/ (str)
      |  ${browser} = chrome (str)
______________________________________________________________________________
| FAIL |
Setup failed:
WebDriverException: Message: chrome not reachable
Stacktrace:
	GetHandleVerifier [0x00007FF7889882B2+55298]
	(No symbol) [0x00007FF7888F5E02]
	(No symbol) [0x00007FF7887B045D]
	(No symbol) [0x00007FF7887A1DD0]
	(No symbol) [0x00007FF7887E31F4]
	(No symbol) [0x00007FF7887DEC6C]
	(No symbol) [0x00007FF7887DB30E]
	(No symbol) [0x00007FF78881A198]
	(No symbol) [0x00007FF788819CB0]
	(No symbol) [0x00007FF788811E83]
	(No symbol) [0x00007FF7887E670A]
	(No symbol) [0x00007FF7887E7964]
	GetHandleVerifier [0x00007FF788D00AAB+3694587]
	GetHandleVerifier [0x00007FF788D5728E+4048862]
	GetHandleVerifier [0x00007FF788D4F173+4015811]
	GetHandleVerifier [0x00007FF788A247D6+695590]
	(No symbol) [0x00007FF788900CE8]
	(No symbol) [0x00007FF7888FCF34]
	(No symbol) [0x00007FF7888FD062]
	(No symbol) [0x00007FF7888ED3A3]
	BaseThreadInitThunk [0x00007FFE43887344+20]
	RtlUserThreadStart [0x00007FFE44E226B1+33]
------------------------------------------------------------------------------
verify Login fails - scenarios                                        | PASS |
------------------------------------------------------------------------------
verify Login fails - scenarios                                        | PASS |
------------------------------------------------------------------------------
Suites.DDT with CSV :: Basic search functionality                     | FAIL |
4 tests, 2 passed, 2 failed
==============================================================================
Suites                                                                | FAIL |
4 tests, 2 passed, 2 failed
==============================================================================
Output:  C:\Users\91953\PycharmProjects\PythonSeleniumRobotframework\pabot_results\1\output.xml
