<?xml version="1.0" encoding="UTF-8"?>
<robot generator="Robot 6.1.1 (Python 3.11.1 on win32)" generated="20231123 22:26:50.390" rpa="false" schemaversion="4">
<suite id="s1" name="Suites">
<suite id="s1-s1" name="Testcase1" source="C:\Users\91953\PycharmProjects\PythonSeleniumRobotframework\TestCases\Testcase1.robot">
<test id="s1-s1-t1" name="LogintoHRM" line="20">
<kw name="Open Browser" library="SeleniumLibrary">
<arg>${url2}</arg>
<arg>${browser}</arg>
<doc>Opens a new browser instance to the optional ``url``.</doc>
<msg timestamp="20231123 22:26:52.402" level="INFO">Opening browser 'chrome' to base url 'https://opensource-demo.orangehrmlive.com/'.</msg>
<msg timestamp="20231123 22:29:13.626" level="INFO">Cannot capture screenshot because no browser is open.</msg>
<msg timestamp="20231123 22:29:13.626" level="FAIL">WebDriverException: Message: chrome not reachable
Stacktrace:
	GetHandleVerifier [0x00007FF7889882B2+55298]
	(No symbol) [0x00007FF7888F5E02]
	(No symbol) [0x00007FF7887B045D]
	(No symbol) [0x00007FF7887A1DD0]
	(No symbol) [0x00007FF7887E31F4]
	(No symbol) [0x00007FF7887DEC6C]
	(No symbol) [0x00007FF7887DB30E]
	(No symbol) [0x00007FF78881A198]
	(No symbol) [0x00007FF788819CB0]
	(No symbol) [0x00007FF788811E83]
	(No symbol) [0x00007FF7887E670A]
	(No symbol) [0x00007FF7887E7964]
	GetHandleVerifier [0x00007FF788D00AAB+3694587]
	GetHandleVerifier [0x00007FF788D5728E+4048862]
	GetHandleVerifier [0x00007FF788D4F173+4015811]
	GetHandleVerifier [0x00007FF788A247D6+695590]
	(No symbol) [0x00007FF788900CE8]
	(No symbol) [0x00007FF7888FCF34]
	(No symbol) [0x00007FF7888FD062]
	(No symbol) [0x00007FF7888ED3A3]
	BaseThreadInitThunk [0x00007FFE43887344+20]
	RtlUserThreadStart [0x00007FFE44E226B1+33]
</msg>
<status status="FAIL" starttime="20231123 22:26:52.402" endtime="20231123 22:29:38.004"/>
</kw>
<kw name="Maximize Browser Window" library="SeleniumLibrary">
<doc>Maximizes current browser window.</doc>
<status status="NOT RUN" starttime="20231123 22:29:38.004" endtime="20231123 22:29:38.019"/>
</kw>
<kw name="Sleep" library="BuiltIn">
<arg>6</arg>
<doc>Pauses the test executed for the given time.</doc>
<status status="NOT RUN" starttime="20231123 22:29:38.019" endtime="20231123 22:29:38.019"/>
</kw>
<kw name="Set Selenium Speed" library="SeleniumLibrary">
<arg>2seconds</arg>
<doc>Sets the delay that is waited after each Selenium command.</doc>
<status status="NOT RUN" starttime="20231123 22:29:38.019" endtime="20231123 22:29:38.019"/>
</kw>
<kw name="Scroll Element Into View" library="SeleniumLibrary">
<arg>xpath://input[@placeholder='Username']</arg>
<doc>Scrolls the element identified by ``locator`` into view.</doc>
<status status="NOT RUN" starttime="20231123 22:29:38.019" endtime="20231123 22:29:38.035"/>
</kw>
<kw name="Set Variable" library="BuiltIn">
<var>${inputtext_usr}</var>
<arg>xpath://input[@placeholder='Username']</arg>
<doc>Returns the given values which can then be assigned to a variables.</doc>
<status status="NOT RUN" starttime="20231123 22:29:38.035" endtime="20231123 22:29:38.035"/>
</kw>
<kw name="Element Should Be Enabled" library="SeleniumLibrary">
<arg>${inputtext_usr}</arg>
<doc>Verifies that element identified by ``locator`` is enabled.</doc>
<status status="NOT RUN" starttime="20231123 22:29:38.035" endtime="20231123 22:29:38.035"/>
</kw>
<kw name="Input Text" library="SeleniumLibrary">
<arg>${inputtext_usr}</arg>
<arg>Admin</arg>
<doc>Types the given ``text`` into the text field identified by ``locator``.</doc>
<status status="NOT RUN" starttime="20231123 22:29:38.035" endtime="20231123 22:29:38.035"/>
</kw>
<kw name="Input Text" library="SeleniumLibrary">
<arg>xpath://input[@placeholder='Password']</arg>
<arg>admin123</arg>
<doc>Types the given ``text`` into the text field identified by ``locator``.</doc>
<status status="NOT RUN" starttime="20231123 22:29:38.035" endtime="20231123 22:29:38.035"/>
</kw>
<kw name="Click Element" library="SeleniumLibrary">
<arg>xpath://button[@type='submit']</arg>
<doc>Click the element identified by ``locator``.</doc>
<status status="NOT RUN" starttime="20231123 22:29:38.035" endtime="20231123 22:29:38.035"/>
</kw>
<kw name="Click Element" library="SeleniumLibrary">
<arg>xpath://span[normalize-space()='My Info']</arg>
<doc>Click the element identified by ``locator``.</doc>
<status status="NOT RUN" starttime="20231123 22:29:38.035" endtime="20231123 22:29:38.035"/>
</kw>
<kw name="Click Element" library="SeleniumLibrary">
<arg>xpath://label[normalize-space()='Female']</arg>
<doc>Click the element identified by ``locator``.</doc>
<status status="NOT RUN" starttime="20231123 22:29:38.035" endtime="20231123 22:29:38.035"/>
</kw>
<kw name="Click Element" library="SeleniumLibrary">
<arg>//div[@role='columnheader']//i[@class='oxd-icon bi-check oxd-checkbox-input-icon']</arg>
<doc>Click the element identified by ``locator``.</doc>
<status status="NOT RUN" starttime="20231123 22:29:38.035" endtime="20231123 22:29:38.035"/>
</kw>
<kw name="Close Browser" library="SeleniumLibrary">
<doc>Closes the current browser.</doc>
<status status="NOT RUN" starttime="20231123 22:29:38.050" endtime="20231123 22:29:38.050"/>
</kw>
<doc>test case for practise</doc>
<status status="FAIL" starttime="20231123 22:26:52.398" endtime="20231123 22:29:38.050">WebDriverException: Message: chrome not reachable
Stacktrace:
	GetHandleVerifier [0x00007FF7889882B2+55298]
	(No symbol) [0x00007FF7888F5E02]
	(No symbol) [0x00007FF7887B045D]
	(No symbol) [0x00007FF7887A1DD0]
	(No symbol) [0x00007FF7887E31F4]
	(No symbol) [0x00007FF7887DEC6C]
	(No symbol) [0x00007FF7887DB30E]
	(No symbol) [0x00007FF78881A198]
	(No symbol) [0x00007FF788819CB0]
	(No symbol) [0x00007FF788811E83]
	(No symbol) [0x00007FF7887E670A]
	(No symbol) [0x00007FF7887E7964]
	GetHandleVerifier [0x00007FF788D00AAB+3694587]
	GetHandleVerifier [0x00007FF788D5728E+4048862]
	GetHandleVerifier [0x00007FF788D4F173+4015811]
	GetHandleVerifier [0x00007FF788A247D6+695590]
	(No symbol) [0x00007FF788900CE8]
	(No symbol) [0x00007FF7888FCF34]
	(No symbol) [0x00007FF7888FD062]
	(No symbol) [0x00007FF7888ED3A3]
	BaseThreadInitThunk [0x00007FFE43887344+20]
	RtlUserThreadStart [0x00007FFE44E226B1+33]
</status>
</test>
<status status="FAIL" starttime="20231123 22:26:50.480" endtime="20231123 22:29:38.050"/>
</suite>
<suite id="s1-s2" name="Testcase 1" source="C:\Users\91953\PycharmProjects\PythonSeleniumRobotframework\TestCases\Testcase_1.robot">
<test id="s1-s2-t1" name="Verify Login Fails with wrong username" line="18">
<kw name="start testcase1" library="CommonFunctionality" type="SETUP">
<kw name="Open Browser" library="SeleniumLibrary">
<arg>${url1}</arg>
<arg>${browser}</arg>
<doc>Opens a new browser instance to the optional ``url``.</doc>
<msg timestamp="20231123 22:29:38.088" level="INFO">Opening browser 'chrome' to base url 'https://www.saucedemo.com/'.</msg>
<msg timestamp="20231123 22:31:18.528" level="INFO">Cannot capture screenshot because no browser is open.</msg>
<msg timestamp="20231123 22:31:18.528" level="FAIL">WebDriverException: Message: chrome not reachable
Stacktrace:
	GetHandleVerifier [0x00007FF7889882B2+55298]
	(No symbol) [0x00007FF7888F5E02]
	(No symbol) [0x00007FF7887B045D]
	(No symbol) [0x00007FF7887A1DD0]
	(No symbol) [0x00007FF7887E31F4]
	(No symbol) [0x00007FF7887DEC6C]
	(No symbol) [0x00007FF7887DB30E]
	(No symbol) [0x00007FF78881A198]
	(No symbol) [0x00007FF788819CB0]
	(No symbol) [0x00007FF788811E83]
	(No symbol) [0x00007FF7887E670A]
	(No symbol) [0x00007FF7887E7964]
	GetHandleVerifier [0x00007FF788D00AAB+3694587]
	GetHandleVerifier [0x00007FF788D5728E+4048862]
	GetHandleVerifier [0x00007FF788D4F173+4015811]
	GetHandleVerifier [0x00007FF788A247D6+695590]
	(No symbol) [0x00007FF788900CE8]
	(No symbol) [0x00007FF7888FCF34]
	(No symbol) [0x00007FF7888FD062]
	(No symbol) [0x00007FF7888ED3A3]
	BaseThreadInitThunk [0x00007FFE43887344+20]
	RtlUserThreadStart [0x00007FFE44E226B1+33]
</msg>
<status status="FAIL" starttime="20231123 22:29:38.088" endtime="20231123 22:31:18.528"/>
</kw>
<kw name="Maximize Browser Window" library="SeleniumLibrary">
<doc>Maximizes current browser window.</doc>
<status status="NOT RUN" starttime="20231123 22:31:18.528" endtime="20231123 22:31:18.528"/>
</kw>
<kw name="Sleep" library="BuiltIn">
<arg>2</arg>
<doc>Pauses the test executed for the given time.</doc>
<status status="NOT RUN" starttime="20231123 22:31:18.528" endtime="20231123 22:31:18.528"/>
</kw>
<status status="FAIL" starttime="20231123 22:29:38.088" endtime="20231123 22:31:18.528"/>
</kw>
<kw name="finish testcase" library="CommonFunctionality" type="TEARDOWN">
<kw name="Close Browser" library="SeleniumLibrary">
<doc>Closes the current browser.</doc>
<status status="PASS" starttime="20231123 22:31:18.528" endtime="20231123 22:31:18.528"/>
</kw>
<status status="PASS" starttime="20231123 22:31:18.528" endtime="20231123 22:31:18.544"/>
</kw>
<status status="FAIL" starttime="20231123 22:29:38.088" endtime="20231123 22:31:18.544">Setup failed:
WebDriverException: Message: chrome not reachable
Stacktrace:
	GetHandleVerifier [0x00007FF7889882B2+55298]
	(No symbol) [0x00007FF7888F5E02]
	(No symbol) [0x00007FF7887B045D]
	(No symbol) [0x00007FF7887A1DD0]
	(No symbol) [0x00007FF7887E31F4]
	(No symbol) [0x00007FF7887DEC6C]
	(No symbol) [0x00007FF7887DB30E]
	(No symbol) [0x00007FF78881A198]
	(No symbol) [0x00007FF788819CB0]
	(No symbol) [0x00007FF788811E83]
	(No symbol) [0x00007FF7887E670A]
	(No symbol) [0x00007FF7887E7964]
	GetHandleVerifier [0x00007FF788D00AAB+3694587]
	GetHandleVerifier [0x00007FF788D5728E+4048862]
	GetHandleVerifier [0x00007FF788D4F173+4015811]
	GetHandleVerifier [0x00007FF788A247D6+695590]
	(No symbol) [0x00007FF788900CE8]
	(No symbol) [0x00007FF7888FCF34]
	(No symbol) [0x00007FF7888FD062]
	(No symbol) [0x00007FF7888ED3A3]
	BaseThreadInitThunk [0x00007FFE43887344+20]
	RtlUserThreadStart [0x00007FFE44E226B1+33]
</status>
</test>
<test id="s1-s2-t2" name="Verify Login Fails with wrong password" line="25">
<kw name="start testcase1" library="CommonFunctionality" type="SETUP">
<kw name="Open Browser" library="SeleniumLibrary">
<arg>${url1}</arg>
<arg>${browser}</arg>
<doc>Opens a new browser instance to the optional ``url``.</doc>
<msg timestamp="20231123 22:31:18.544" level="INFO">Opening browser 'chrome' to base url 'https://www.saucedemo.com/'.</msg>
<status status="PASS" starttime="20231123 22:31:18.544" endtime="20231123 22:32:56.900"/>
</kw>
<kw name="Maximize Browser Window" library="SeleniumLibrary">
<doc>Maximizes current browser window.</doc>
<status status="PASS" starttime="20231123 22:32:56.915" endtime="20231123 22:33:30.265"/>
</kw>
<kw name="Sleep" library="BuiltIn">
<arg>2</arg>
<doc>Pauses the test executed for the given time.</doc>
<msg timestamp="20231123 22:33:32.268" level="INFO">Slept 2 seconds</msg>
<status status="PASS" starttime="20231123 22:33:30.265" endtime="20231123 22:33:32.268"/>
</kw>
<status status="PASS" starttime="20231123 22:31:18.544" endtime="20231123 22:33:32.268"/>
</kw>
<kw name="Input Text" library="SeleniumLibrary">
<arg>${username_txt}</arg>
<arg>standard_user</arg>
<doc>Types the given ``text`` into the text field identified by ``locator``.</doc>
<msg timestamp="20231123 22:33:32.268" level="INFO">Typing text 'standard_user' into text field 'id:user-name'.</msg>
<status status="PASS" starttime="20231123 22:33:32.268" endtime="20231123 22:33:55.239"/>
</kw>
<kw name="Input Text" library="SeleniumLibrary">
<arg>${password_txt}</arg>
<arg>secret_sauce1</arg>
<doc>Types the given ``text`` into the text field identified by ``locator``.</doc>
<msg timestamp="20231123 22:33:55.239" level="INFO">Typing text 'secret_sauce1' into text field 'xpath://input[@id='password']'.</msg>
<status status="PASS" starttime="20231123 22:33:55.239" endtime="20231123 22:33:55.747"/>
</kw>
<kw name="Click Button" library="SeleniumLibrary">
<arg>${login_button}</arg>
<doc>Clicks the button identified by ``locator``.</doc>
<msg timestamp="20231123 22:33:55.749" level="INFO">Clicking button 'id:login-button'.</msg>
<status status="PASS" starttime="20231123 22:33:55.748" endtime="20231123 22:34:11.082"/>
</kw>
<kw name="Sleep" library="BuiltIn">
<arg>2</arg>
<doc>Pauses the test executed for the given time.</doc>
<msg timestamp="20231123 22:34:13.083" level="INFO">Slept 2 seconds</msg>
<status status="PASS" starttime="20231123 22:34:11.083" endtime="20231123 22:34:13.084"/>
</kw>
<kw name="Element Should Contain" library="SeleniumLibrary">
<arg>${text_error}</arg>
<arg>Epic sadface: Username and password do not match any user in this service</arg>
<doc>Verifies that element ``locator`` contains text ``expected``.</doc>
<msg timestamp="20231123 22:34:13.995" level="INFO">Element 'xpath://h3[@data-test='error']' contains text 'Epic sadface: Username and password do not match any user in this service'.</msg>
<status status="PASS" starttime="20231123 22:34:13.086" endtime="20231123 22:34:13.995"/>
</kw>
<kw name="finish testcase" library="CommonFunctionality" type="TEARDOWN">
<kw name="Close Browser" library="SeleniumLibrary">
<doc>Closes the current browser.</doc>
<status status="PASS" starttime="20231123 22:34:13.995" endtime="20231123 22:35:11.251"/>
</kw>
<status status="PASS" starttime="20231123 22:34:13.995" endtime="20231123 22:35:11.251"/>
</kw>
<status status="PASS" starttime="20231123 22:31:18.544" endtime="20231123 22:35:11.252"/>
</test>
<test id="s1-s2-t3" name="Verify Login Fails with wrong username and password" line="33">
<kw name="start testcase1" library="CommonFunctionality" type="SETUP">
<kw name="Open Browser" library="SeleniumLibrary">
<arg>${url1}</arg>
<arg>${browser}</arg>
<doc>Opens a new browser instance to the optional ``url``.</doc>
<msg timestamp="20231123 22:35:11.746" level="INFO">Opening browser 'chrome' to base url 'https://www.saucedemo.com/'.</msg>
<status status="PASS" starttime="20231123 22:35:11.746" endtime="20231123 22:38:04.428"/>
</kw>
<kw name="Maximize Browser Window" library="SeleniumLibrary">
<doc>Maximizes current browser window.</doc>
<status status="PASS" starttime="20231123 22:38:04.428" endtime="20231123 22:38:04.893"/>
</kw>
<kw name="Sleep" library="BuiltIn">
<arg>2</arg>
<doc>Pauses the test executed for the given time.</doc>
<msg timestamp="20231123 22:38:06.945" level="INFO">Slept 2 seconds</msg>
<status status="PASS" starttime="20231123 22:38:04.945" endtime="20231123 22:38:06.945"/>
</kw>
<status status="PASS" starttime="20231123 22:35:11.383" endtime="20231123 22:38:06.945"/>
</kw>
<kw name="Input Text" library="SeleniumLibrary">
<arg>${username_txt}</arg>
<arg>standard_user1</arg>
<doc>Types the given ``text`` into the text field identified by ``locator``.</doc>
<msg timestamp="20231123 22:38:06.945" level="INFO">Typing text 'standard_user1' into text field 'id:user-name'.</msg>
<status status="PASS" starttime="20231123 22:38:06.945" endtime="20231123 22:39:41.764"/>
</kw>
<kw name="Input Text" library="SeleniumLibrary">
<arg>${password_txt}</arg>
<arg>secret_sauce1</arg>
<doc>Types the given ``text`` into the text field identified by ``locator``.</doc>
<msg timestamp="20231123 22:39:41.779" level="INFO">Typing text 'secret_sauce1' into text field 'xpath://input[@id='password']'.</msg>
<status status="PASS" starttime="20231123 22:39:41.764" endtime="20231123 22:39:54.588"/>
</kw>
<kw name="Click Button" library="SeleniumLibrary">
<arg>${login_button}</arg>
<doc>Clicks the button identified by ``locator``.</doc>
<msg timestamp="20231123 22:39:54.589" level="INFO">Clicking button 'id:login-button'.</msg>
<status status="PASS" starttime="20231123 22:39:54.588" endtime="20231123 22:40:12.034"/>
</kw>
<kw name="Sleep" library="BuiltIn">
<arg>2</arg>
<doc>Pauses the test executed for the given time.</doc>
<msg timestamp="20231123 22:40:15.055" level="INFO">Slept 2 seconds</msg>
<status status="PASS" starttime="20231123 22:40:13.055" endtime="20231123 22:40:15.055"/>
</kw>
<kw name="Element Should Contain" library="SeleniumLibrary">
<arg>${text_error}</arg>
<arg>Epic sadface: Username and password do not match any user in this service</arg>
<doc>Verifies that element ``locator`` contains text ``expected``.</doc>
<msg timestamp="20231123 22:40:20.567" level="INFO">Element 'xpath://h3[@data-test='error']' contains text 'Epic sadface: Username and password do not match any user in this service'.</msg>
<status status="PASS" starttime="20231123 22:40:15.057" endtime="20231123 22:40:20.567"/>
</kw>
<kw name="finish testcase" library="CommonFunctionality" type="TEARDOWN">
<kw name="Close Browser" library="SeleniumLibrary">
<doc>Closes the current browser.</doc>
<status status="PASS" starttime="20231123 22:40:20.567" endtime="20231123 22:40:41.752"/>
</kw>
<status status="PASS" starttime="20231123 22:40:20.567" endtime="20231123 22:40:41.752"/>
</kw>
<status status="PASS" starttime="20231123 22:35:11.253" endtime="20231123 22:40:41.752"/>
</test>
<test id="s1-s2-t4" name="Verify Login error message for blank password" line="41">
<kw name="start testcase1" library="CommonFunctionality" type="SETUP">
<kw name="Open Browser" library="SeleniumLibrary">
<arg>${url1}</arg>
<arg>${browser}</arg>
<doc>Opens a new browser instance to the optional ``url``.</doc>
<msg timestamp="20231123 22:40:41.752" level="INFO">Opening browser 'chrome' to base url 'https://www.saucedemo.com/'.</msg>
<status status="PASS" starttime="20231123 22:40:41.752" endtime="20231123 22:41:31.130"/>
</kw>
<kw name="Maximize Browser Window" library="SeleniumLibrary">
<doc>Maximizes current browser window.</doc>
<status status="PASS" starttime="20231123 22:41:31.130" endtime="20231123 22:41:31.262"/>
</kw>
<kw name="Sleep" library="BuiltIn">
<arg>2</arg>
<doc>Pauses the test executed for the given time.</doc>
<msg timestamp="20231123 22:41:33.263" level="INFO">Slept 2 seconds</msg>
<status status="PASS" starttime="20231123 22:41:31.262" endtime="20231123 22:41:33.263"/>
</kw>
<status status="PASS" starttime="20231123 22:40:41.752" endtime="20231123 22:41:33.263"/>
</kw>
<kw name="Input Text" library="SeleniumLibrary">
<arg>${username_txt}</arg>
<arg>standard_user</arg>
<doc>Types the given ``text`` into the text field identified by ``locator``.</doc>
<msg timestamp="20231123 22:41:33.263" level="INFO">Typing text 'standard_user' into text field 'id:user-name'.</msg>
<status status="PASS" starttime="20231123 22:41:33.263" endtime="20231123 22:41:33.410"/>
</kw>
<kw name="Input Text" library="SeleniumLibrary">
<arg>${password_txt}</arg>
<arg>${EMPTY}</arg>
<doc>Types the given ``text`` into the text field identified by ``locator``.</doc>
<msg timestamp="20231123 22:41:38.488" level="INFO">Typing text '' into text field 'xpath://input[@id='password']'.</msg>
<status status="PASS" starttime="20231123 22:41:33.411" endtime="20231123 22:41:38.603"/>
</kw>
<kw name="Click Button" library="SeleniumLibrary">
<arg>${login_button}</arg>
<doc>Clicks the button identified by ``locator``.</doc>
<msg timestamp="20231123 22:41:38.604" level="INFO">Clicking button 'id:login-button'.</msg>
<status status="PASS" starttime="20231123 22:41:38.603" endtime="20231123 22:41:43.669"/>
</kw>
<kw name="Sleep" library="BuiltIn">
<arg>2</arg>
<doc>Pauses the test executed for the given time.</doc>
<msg timestamp="20231123 22:41:45.670" level="INFO">Slept 2 seconds</msg>
<status status="PASS" starttime="20231123 22:41:43.669" endtime="20231123 22:41:45.670"/>
</kw>
<kw name="Element Should Contain" library="SeleniumLibrary">
<arg>${text_error}</arg>
<arg>Epic sadface: Password is required</arg>
<doc>Verifies that element ``locator`` contains text ``expected``.</doc>
<msg timestamp="20231123 22:41:45.754" level="INFO">Element 'xpath://h3[@data-test='error']' contains text 'Epic sadface: Password is required'.</msg>
<status status="PASS" starttime="20231123 22:41:45.670" endtime="20231123 22:41:45.754"/>
</kw>
<kw name="finish testcase" library="CommonFunctionality" type="TEARDOWN">
<kw name="Close Browser" library="SeleniumLibrary">
<doc>Closes the current browser.</doc>
<status status="PASS" starttime="20231123 22:41:45.754" endtime="20231123 22:41:59.687"/>
</kw>
<status status="PASS" starttime="20231123 22:41:45.754" endtime="20231123 22:41:59.687"/>
</kw>
<status status="PASS" starttime="20231123 22:40:41.752" endtime="20231123 22:41:59.687"/>
</test>
<test id="s1-s2-t5" name="Verify Login error message for blank username" line="49">
<kw name="start testcase1" library="CommonFunctionality" type="SETUP">
<kw name="Open Browser" library="SeleniumLibrary">
<arg>${url1}</arg>
<arg>${browser}</arg>
<doc>Opens a new browser instance to the optional ``url``.</doc>
<msg timestamp="20231123 22:41:59.754" level="INFO">Opening browser 'chrome' to base url 'https://www.saucedemo.com/'.</msg>
<status status="PASS" starttime="20231123 22:41:59.738" endtime="20231123 22:42:24.040"/>
</kw>
<kw name="Maximize Browser Window" library="SeleniumLibrary">
<doc>Maximizes current browser window.</doc>
<status status="PASS" starttime="20231123 22:42:24.040" endtime="20231123 22:42:24.187"/>
</kw>
<kw name="Sleep" library="BuiltIn">
<arg>2</arg>
<doc>Pauses the test executed for the given time.</doc>
<msg timestamp="20231123 22:42:26.188" level="INFO">Slept 2 seconds</msg>
<status status="PASS" starttime="20231123 22:42:24.187" endtime="20231123 22:42:26.188"/>
</kw>
<status status="PASS" starttime="20231123 22:41:59.687" endtime="20231123 22:42:26.265"/>
</kw>
<kw name="Input Text" library="SeleniumLibrary">
<arg>${username_txt}</arg>
<arg>${EMPTY}</arg>
<doc>Types the given ``text`` into the text field identified by ``locator``.</doc>
<msg timestamp="20231123 22:42:26.275" level="INFO">Typing text '' into text field 'id:user-name'.</msg>
<status status="PASS" starttime="20231123 22:42:26.265" endtime="20231123 22:42:26.441"/>
</kw>
<kw name="Input Text" library="SeleniumLibrary">
<arg>${password_txt}</arg>
<arg>secret_sauce1</arg>
<doc>Types the given ``text`` into the text field identified by ``locator``.</doc>
<msg timestamp="20231123 22:42:26.581" level="INFO">Typing text 'secret_sauce1' into text field 'xpath://input[@id='password']'.</msg>
<status status="PASS" starttime="20231123 22:42:26.441" endtime="20231123 22:42:26.773"/>
</kw>
<kw name="Click Button" library="SeleniumLibrary">
<arg>${login_button}</arg>
<doc>Clicks the button identified by ``locator``.</doc>
<msg timestamp="20231123 22:42:26.773" level="INFO">Clicking button 'id:login-button'.</msg>
<status status="PASS" starttime="20231123 22:42:26.773" endtime="20231123 22:42:26.952"/>
</kw>
<kw name="Sleep" library="BuiltIn">
<arg>2</arg>
<doc>Pauses the test executed for the given time.</doc>
<msg timestamp="20231123 22:42:28.958" level="INFO">Slept 2 seconds</msg>
<status status="PASS" starttime="20231123 22:42:26.955" endtime="20231123 22:42:28.958"/>
</kw>
<kw name="Element Should Contain" library="SeleniumLibrary">
<arg>${text_error}</arg>
<arg>Epic sadface: Username is required</arg>
<doc>Verifies that element ``locator`` contains text ``expected``.</doc>
<msg timestamp="20231123 22:42:29.025" level="INFO">Element 'xpath://h3[@data-test='error']' contains text 'Epic sadface: Username is required'.</msg>
<status status="PASS" starttime="20231123 22:42:28.958" endtime="20231123 22:42:29.025"/>
</kw>
<kw name="finish testcase" library="CommonFunctionality" type="TEARDOWN">
<kw name="Close Browser" library="SeleniumLibrary">
<doc>Closes the current browser.</doc>
<status status="PASS" starttime="20231123 22:42:29.025" endtime="20231123 22:42:37.856"/>
</kw>
<status status="PASS" starttime="20231123 22:42:29.025" endtime="20231123 22:42:37.856"/>
</kw>
<status status="PASS" starttime="20231123 22:41:59.687" endtime="20231123 22:42:37.856"/>
</test>
<test id="s1-s2-t6" name="Verify Login with valid username and password" line="58">
<kw name="start testcase1" library="CommonFunctionality" type="SETUP">
<kw name="Open Browser" library="SeleniumLibrary">
<arg>${url1}</arg>
<arg>${browser}</arg>
<doc>Opens a new browser instance to the optional ``url``.</doc>
<msg timestamp="20231123 22:42:37.976" level="INFO">Opening browser 'chrome' to base url 'https://www.saucedemo.com/'.</msg>
<status status="PASS" starttime="20231123 22:42:37.856" endtime="20231123 22:43:03.563"/>
</kw>
<kw name="Maximize Browser Window" library="SeleniumLibrary">
<doc>Maximizes current browser window.</doc>
<status status="PASS" starttime="20231123 22:43:03.564" endtime="20231123 22:43:03.676"/>
</kw>
<kw name="Sleep" library="BuiltIn">
<arg>2</arg>
<doc>Pauses the test executed for the given time.</doc>
<msg timestamp="20231123 22:43:05.676" level="INFO">Slept 2 seconds</msg>
<status status="PASS" starttime="20231123 22:43:03.676" endtime="20231123 22:43:05.676"/>
</kw>
<status status="PASS" starttime="20231123 22:42:37.856" endtime="20231123 22:43:05.676"/>
</kw>
<kw name="Input Text" library="SeleniumLibrary">
<arg>${username_txt}</arg>
<arg>standard_user</arg>
<doc>Types the given ``text`` into the text field identified by ``locator``.</doc>
<msg timestamp="20231123 22:43:05.676" level="INFO">Typing text 'standard_user' into text field 'id:user-name'.</msg>
<status status="PASS" starttime="20231123 22:43:05.676" endtime="20231123 22:43:05.894"/>
</kw>
<kw name="Input Text" library="SeleniumLibrary">
<arg>${password_txt}</arg>
<arg>secret_sauce</arg>
<doc>Types the given ``text`` into the text field identified by ``locator``.</doc>
<msg timestamp="20231123 22:43:05.894" level="INFO">Typing text 'secret_sauce' into text field 'xpath://input[@id='password']'.</msg>
<status status="PASS" starttime="20231123 22:43:05.894" endtime="20231123 22:43:05.994"/>
</kw>
<kw name="Click Button" library="SeleniumLibrary">
<arg>${login_button}</arg>
<doc>Clicks the button identified by ``locator``.</doc>
<msg timestamp="20231123 22:43:06.144" level="INFO">Clicking button 'id:login-button'.</msg>
<status status="PASS" starttime="20231123 22:43:06.144" endtime="20231123 22:43:06.366"/>
</kw>
<kw name="Sleep" library="BuiltIn">
<arg>2</arg>
<doc>Pauses the test executed for the given time.</doc>
<msg timestamp="20231123 22:43:08.368" level="INFO">Slept 2 seconds</msg>
<status status="PASS" starttime="20231123 22:43:06.367" endtime="20231123 22:43:08.368"/>
</kw>
<kw name="Element Should Contain" library="SeleniumLibrary">
<arg>${text_error}</arg>
<arg>Epic sadface: Username and password do not match any user in this service</arg>
<doc>Verifies that element ``locator`` contains text ``expected``.</doc>
<msg timestamp="20231123 22:43:10.284" level="INFO" html="true">&lt;/td&gt;&lt;/tr&gt;&lt;tr&gt;&lt;td colspan="3"&gt;&lt;a href="selenium-screenshot-1.png"&gt;&lt;img src="selenium-screenshot-1.png" width="800px"&gt;&lt;/a&gt;</msg>
<msg timestamp="20231123 22:43:10.284" level="FAIL">Element with locator 'xpath://h3[@data-test='error']' not found.</msg>
<status status="FAIL" starttime="20231123 22:43:08.368" endtime="20231123 22:43:10.905"/>
</kw>
<kw name="Page Should Contain" library="SeleniumLibrary">
<arg>Sauce Labs Backpack</arg>
<doc>Verifies that current page contains ``text``.</doc>
<status status="NOT RUN" starttime="20231123 22:43:10.936" endtime="20231123 22:43:10.952"/>
</kw>
<kw name="finish testcase" library="CommonFunctionality" type="TEARDOWN">
<kw name="Close Browser" library="SeleniumLibrary">
<doc>Closes the current browser.</doc>
<status status="PASS" starttime="20231123 22:43:11.055" endtime="20231123 22:43:16.518"/>
</kw>
<status status="PASS" starttime="20231123 22:43:11.055" endtime="20231123 22:43:16.518"/>
</kw>
<status status="FAIL" starttime="20231123 22:42:37.856" endtime="20231123 22:43:16.518">Element with locator 'xpath://h3[@data-test='error']' not found.</status>
</test>
<doc>Basic search functionality</doc>
<status status="FAIL" starttime="20231123 22:29:38.056" endtime="20231123 22:43:16.665"/>
</suite>
<status status="FAIL" starttime="20231123 22:26:50.448" endtime="20231123 22:43:16.719"/>
</suite>
<statistics>
<total>
<stat pass="4" fail="3" skip="0">All Tests</stat>
</total>
<tag>
</tag>
<suite>
<stat pass="4" fail="3" skip="0" id="s1" name="Suites">Suites</stat>
<stat pass="0" fail="1" skip="0" id="s1-s1" name="Testcase1">Suites.Testcase1</stat>
<stat pass="4" fail="2" skip="0" id="s1-s2" name="Testcase 1">Suites.Testcase 1</stat>
</suite>
</statistics>
<errors>
</errors>
</robot>
